18:06:48,288 (main) INFO  [DataNucleus.Enhancer] - DataNucleus Enhancer (versión 5.2.2) para el API "JDO" utilisando el JRE "{2}"
18:06:48,545 (main) INFO  [DataNucleus.Enhancer] - La clase "es.deusto.BSPQ20_E2.Netflix.pojo.Film" esta enhanced.
18:06:48,545 (main) INFO  [DataNucleus.Enhancer] - ENHANCED (Persistable) : es.deusto.BSPQ20_E2.Netflix.pojo.Film
18:06:48,547 (main) INFO  [DataNucleus.Enhancer] - La clase "es.deusto.BSPQ20_E2.Netflix.pojo.User" esta enhanced.
18:06:48,547 (main) INFO  [DataNucleus.Enhancer] - ENHANCED (Persistable) : es.deusto.BSPQ20_E2.Netflix.pojo.User
18:06:48,547 (main) INFO  [DataNucleus.Enhancer] - DataNucleus Enhancer ha terminado con exito para 2 clases. Tiempos : input=222 ms, enhance=30 ms, total=252 ms. Compruebe el LOG para los detalles
10:47:32,204 (main) INFO  [DataNucleus.Enhancer] - DataNucleus Enhancer (versión 5.2.2) para el API "JDO" utilisando el JRE "{2}"
10:47:32,545 (main) INFO  [DataNucleus.Enhancer] - Escribiendo el archivo de clase "C:\Users\Jorge\Documents\GitHub\BSPQ20-E2\Netflix\target\classes\es\deusto\BSPQ20_E2\Netflix\pojo\Film.class" con definicion enhanced
10:47:32,545 (main) INFO  [DataNucleus.Enhancer] - ENHANCED (Persistable) : es.deusto.BSPQ20_E2.Netflix.pojo.Film
10:47:32,551 (main) INFO  [DataNucleus.Enhancer] - Escribiendo el archivo de clase "C:\Users\Jorge\Documents\GitHub\BSPQ20-E2\Netflix\target\classes\es\deusto\BSPQ20_E2\Netflix\pojo\User.class" con definicion enhanced
10:47:32,551 (main) INFO  [DataNucleus.Enhancer] - ENHANCED (Persistable) : es.deusto.BSPQ20_E2.Netflix.pojo.User
10:47:32,552 (main) INFO  [DataNucleus.Enhancer] - DataNucleus Enhancer ha terminado con exito para 2 clases. Tiempos : input=281 ms, enhance=59 ms, total=340 ms. Compruebe el LOG para los detalles
10:48:09,430 (main) INFO  [DataNucleus.Enhancer] - DataNucleus Enhancer (versión 5.2.2) para el API "JDO" utilisando el JRE "{2}"
10:48:09,774 (main) INFO  [DataNucleus.Enhancer] - Escribiendo el archivo de clase "C:\Users\Jorge\Documents\GitHub\BSPQ20-E2\Netflix\target\classes\es\deusto\BSPQ20_E2\Netflix\pojo\Film.class" con definicion enhanced
10:48:09,775 (main) INFO  [DataNucleus.Enhancer] - ENHANCED (Persistable) : es.deusto.BSPQ20_E2.Netflix.pojo.Film
10:48:09,782 (main) INFO  [DataNucleus.Enhancer] - Escribiendo el archivo de clase "C:\Users\Jorge\Documents\GitHub\BSPQ20-E2\Netflix\target\classes\es\deusto\BSPQ20_E2\Netflix\pojo\User.class" con definicion enhanced
10:48:09,782 (main) INFO  [DataNucleus.Enhancer] - ENHANCED (Persistable) : es.deusto.BSPQ20_E2.Netflix.pojo.User
10:48:09,783 (main) INFO  [DataNucleus.Enhancer] - DataNucleus Enhancer ha terminado con exito para 2 clases. Tiempos : input=284 ms, enhance=57 ms, total=341 ms. Compruebe el LOG para los detalles
13:14:01,691 (main) INFO  [DataNucleus.SchemaTool] - DataNucleus SchemaTool : Creación del esquema para clases
13:14:01,695 (main) INFO  [DataNucleus.SchemaTool] - DataNucleus SchemaTool : Classpath
13:14:01,698 (main) INFO  [DataNucleus.SchemaTool] - >>  C:\Users\Jorge\Documents\apache-maven-3.6.3-bin\apache-maven-3.6.3\bin\..\boot\plexus-classworlds-2.6.0.jar
13:14:03,269 (main) WARN  [DataNucleus.Datastore] - Default type for java type of java.math.BigInteger was previously jdbc-type=NUMERIC but this is not provided by the JDBC driver! Please report this to the DataNucleus developers
13:14:03,514 (main) INFO  [DataNucleus.SchemaTool] - DataNucleus SchemaTool : Propiedades para persistencia
13:14:03,519 (main) INFO  [DataNucleus.SchemaTool] - >>  datanucleus.autostartmechanism=None
13:14:03,522 (main) INFO  [DataNucleus.SchemaTool] - >>  datanucleus.connectiondrivername=com.mysql.cj.jdbc.Driver
13:14:03,528 (main) INFO  [DataNucleus.SchemaTool] - >>  datanucleus.connectionurl=jdbc:mysql://localhost/Netflix?verifyServerCertificate=false&useSSL=true&useLegacyDatetimeCode=false&serverTimezone=UTC
13:14:03,538 (main) INFO  [DataNucleus.SchemaTool] - >>  datanucleus.connectionusername=spq
13:14:03,541 (main) INFO  [DataNucleus.SchemaTool] - >>  datanucleus.detachalloncommit=true
13:14:03,543 (main) INFO  [DataNucleus.SchemaTool] - >>  datanucleus.mapping=mysql
13:14:03,546 (main) INFO  [DataNucleus.SchemaTool] - >>  datanucleus.rdbms.checkexisttablesorviews=true
13:14:03,549 (main) INFO  [DataNucleus.SchemaTool] - >>  datanucleus.readonlydatastore=false
13:14:03,552 (main) INFO  [DataNucleus.SchemaTool] - >>  datanucleus.schema.autocreatecolumns=true
13:14:03,556 (main) INFO  [DataNucleus.SchemaTool] - >>  datanucleus.schema.autocreateconstraints=true
13:14:03,560 (main) INFO  [DataNucleus.SchemaTool] - >>  datanucleus.schema.autocreatetables=true
13:14:03,563 (main) INFO  [DataNucleus.SchemaTool] - DataNucleus SchemaTool : Ficheros
13:14:03,568 (main) INFO  [DataNucleus.SchemaTool] - >>  C:\Users\Jorge\Documents\GitHub\BSPQ20-E2\Netflix\target\classes\es\deusto\BSPQ20_E2\Netflix\client\Client.class
13:14:03,573 (main) INFO  [DataNucleus.SchemaTool] - >>  C:\Users\Jorge\Documents\GitHub\BSPQ20-E2\Netflix\target\classes\es\deusto\BSPQ20_E2\Netflix\client\gui\Login$1.class
13:14:03,581 (main) INFO  [DataNucleus.SchemaTool] - >>  C:\Users\Jorge\Documents\GitHub\BSPQ20-E2\Netflix\target\classes\es\deusto\BSPQ20_E2\Netflix\client\gui\Login$2.class
13:14:03,590 (main) INFO  [DataNucleus.SchemaTool] - >>  C:\Users\Jorge\Documents\GitHub\BSPQ20-E2\Netflix\target\classes\es\deusto\BSPQ20_E2\Netflix\client\gui\Login.class
13:14:03,597 (main) INFO  [DataNucleus.SchemaTool] - >>  C:\Users\Jorge\Documents\GitHub\BSPQ20-E2\Netflix\target\classes\es\deusto\BSPQ20_E2\Netflix\client\gui\PaymentWindow.class
13:14:03,606 (main) INFO  [DataNucleus.SchemaTool] - >>  C:\Users\Jorge\Documents\GitHub\BSPQ20-E2\Netflix\target\classes\es\deusto\BSPQ20_E2\Netflix\client\gui\RegWindow$1$1.class
13:14:03,614 (main) INFO  [DataNucleus.SchemaTool] - >>  C:\Users\Jorge\Documents\GitHub\BSPQ20-E2\Netflix\target\classes\es\deusto\BSPQ20_E2\Netflix\client\gui\RegWindow$1.class
13:14:03,622 (main) INFO  [DataNucleus.SchemaTool] - >>  C:\Users\Jorge\Documents\GitHub\BSPQ20-E2\Netflix\target\classes\es\deusto\BSPQ20_E2\Netflix\client\gui\RegWindow$2.class
13:14:03,629 (main) INFO  [DataNucleus.SchemaTool] - >>  C:\Users\Jorge\Documents\GitHub\BSPQ20-E2\Netflix\target\classes\es\deusto\BSPQ20_E2\Netflix\client\gui\RegWindow$3.class
13:14:03,637 (main) INFO  [DataNucleus.SchemaTool] - >>  C:\Users\Jorge\Documents\GitHub\BSPQ20-E2\Netflix\target\classes\es\deusto\BSPQ20_E2\Netflix\client\gui\RegWindow$4.class
13:14:03,651 (main) INFO  [DataNucleus.SchemaTool] - >>  C:\Users\Jorge\Documents\GitHub\BSPQ20-E2\Netflix\target\classes\es\deusto\BSPQ20_E2\Netflix\client\gui\RegWindow.class
13:14:03,658 (main) INFO  [DataNucleus.SchemaTool] - >>  C:\Users\Jorge\Documents\GitHub\BSPQ20-E2\Netflix\target\classes\es\deusto\BSPQ20_E2\Netflix\demo\Demo.class
13:14:03,664 (main) INFO  [DataNucleus.SchemaTool] - >>  C:\Users\Jorge\Documents\GitHub\BSPQ20-E2\Netflix\target\classes\es\deusto\BSPQ20_E2\Netflix\demo\DemoDB.class
13:14:03,672 (main) INFO  [DataNucleus.SchemaTool] - >>  C:\Users\Jorge\Documents\GitHub\BSPQ20-E2\Netflix\target\classes\es\deusto\BSPQ20_E2\Netflix\demo\dLogin$1.class
13:14:03,679 (main) INFO  [DataNucleus.SchemaTool] - >>  C:\Users\Jorge\Documents\GitHub\BSPQ20-E2\Netflix\target\classes\es\deusto\BSPQ20_E2\Netflix\demo\dLogin$2.class
13:14:03,685 (main) INFO  [DataNucleus.SchemaTool] - >>  C:\Users\Jorge\Documents\GitHub\BSPQ20-E2\Netflix\target\classes\es\deusto\BSPQ20_E2\Netflix\demo\dLogin.class
13:14:03,691 (main) INFO  [DataNucleus.SchemaTool] - >>  C:\Users\Jorge\Documents\GitHub\BSPQ20-E2\Netflix\target\classes\es\deusto\BSPQ20_E2\Netflix\demo\dPaymentWindow$1.class
13:14:03,699 (main) INFO  [DataNucleus.SchemaTool] - >>  C:\Users\Jorge\Documents\GitHub\BSPQ20-E2\Netflix\target\classes\es\deusto\BSPQ20_E2\Netflix\demo\dPaymentWindow.class
13:14:03,706 (main) INFO  [DataNucleus.SchemaTool] - >>  C:\Users\Jorge\Documents\GitHub\BSPQ20-E2\Netflix\target\classes\es\deusto\BSPQ20_E2\Netflix\demo\MainWindow$1.class
13:14:03,712 (main) INFO  [DataNucleus.SchemaTool] - >>  C:\Users\Jorge\Documents\GitHub\BSPQ20-E2\Netflix\target\classes\es\deusto\BSPQ20_E2\Netflix\demo\MainWindow$2.class
13:14:03,720 (main) INFO  [DataNucleus.SchemaTool] - >>  C:\Users\Jorge\Documents\GitHub\BSPQ20-E2\Netflix\target\classes\es\deusto\BSPQ20_E2\Netflix\demo\MainWindow$3.class
13:14:03,727 (main) INFO  [DataNucleus.SchemaTool] - >>  C:\Users\Jorge\Documents\GitHub\BSPQ20-E2\Netflix\target\classes\es\deusto\BSPQ20_E2\Netflix\demo\MainWindow$4.class
13:14:03,735 (main) INFO  [DataNucleus.SchemaTool] - >>  C:\Users\Jorge\Documents\GitHub\BSPQ20-E2\Netflix\target\classes\es\deusto\BSPQ20_E2\Netflix\demo\MainWindow.class
13:14:03,740 (main) INFO  [DataNucleus.SchemaTool] - >>  C:\Users\Jorge\Documents\GitHub\BSPQ20-E2\Netflix\target\classes\es\deusto\BSPQ20_E2\Netflix\demo\RegWindow$1$1.class
13:14:03,748 (main) INFO  [DataNucleus.SchemaTool] - >>  C:\Users\Jorge\Documents\GitHub\BSPQ20-E2\Netflix\target\classes\es\deusto\BSPQ20_E2\Netflix\demo\RegWindow$1.class
13:14:03,754 (main) INFO  [DataNucleus.SchemaTool] - >>  C:\Users\Jorge\Documents\GitHub\BSPQ20-E2\Netflix\target\classes\es\deusto\BSPQ20_E2\Netflix\demo\RegWindow$2.class
13:14:03,759 (main) INFO  [DataNucleus.SchemaTool] - >>  C:\Users\Jorge\Documents\GitHub\BSPQ20-E2\Netflix\target\classes\es\deusto\BSPQ20_E2\Netflix\demo\RegWindow$3.class
13:14:03,766 (main) INFO  [DataNucleus.SchemaTool] - >>  C:\Users\Jorge\Documents\GitHub\BSPQ20-E2\Netflix\target\classes\es\deusto\BSPQ20_E2\Netflix\demo\RegWindow$4.class
13:14:03,772 (main) INFO  [DataNucleus.SchemaTool] - >>  C:\Users\Jorge\Documents\GitHub\BSPQ20-E2\Netflix\target\classes\es\deusto\BSPQ20_E2\Netflix\demo\RegWindow.class
13:14:03,778 (main) INFO  [DataNucleus.SchemaTool] - >>  C:\Users\Jorge\Documents\GitHub\BSPQ20-E2\Netflix\target\classes\es\deusto\BSPQ20_E2\Netflix\pojo\Film.class
13:14:03,785 (main) INFO  [DataNucleus.SchemaTool] - >>  C:\Users\Jorge\Documents\GitHub\BSPQ20-E2\Netflix\target\classes\es\deusto\BSPQ20_E2\Netflix\pojo\User.class
13:14:03,791 (main) INFO  [DataNucleus.SchemaTool] - >>  C:\Users\Jorge\Documents\GitHub\BSPQ20-E2\Netflix\target\classes\es\deusto\BSPQ20_E2\Netflix\server\db\SqlDB.class
13:14:03,796 (main) INFO  [DataNucleus.SchemaTool] - >>  C:\Users\Jorge\Documents\GitHub\BSPQ20-E2\Netflix\target\classes\es\deusto\BSPQ20_E2\Netflix\server\Main.class
13:14:03,801 (main) INFO  [DataNucleus.SchemaTool] - >>  C:\Users\Jorge\Documents\GitHub\BSPQ20-E2\Netflix\target\classes\es\deusto\BSPQ20_E2\Netflix\server\MyResource.class
13:14:03,807 (main) INFO  [DataNucleus.SchemaTool] - >>  C:\Users\Jorge\Documents\GitHub\BSPQ20-E2\Netflix\target\classes\es\deusto\BSPQ20_E2\Netflix\server\Psystem.class
13:14:03,813 (main) INFO  [DataNucleus.SchemaTool] - >>  C:\Users\Jorge\Documents\GitHub\BSPQ20-E2\Netflix\target\classes\es\deusto\BSPQ20_E2\Netflix\server\Test$1.class
13:14:03,820 (main) INFO  [DataNucleus.SchemaTool] - >>  C:\Users\Jorge\Documents\GitHub\BSPQ20-E2\Netflix\target\classes\es\deusto\BSPQ20_E2\Netflix\server\Test$2.class
13:14:03,826 (main) INFO  [DataNucleus.SchemaTool] - >>  C:\Users\Jorge\Documents\GitHub\BSPQ20-E2\Netflix\target\classes\es\deusto\BSPQ20_E2\Netflix\server\Test.class
13:14:03,832 (main) INFO  [DataNucleus.SchemaTool] - >>  C:\Users\Jorge\Documents\GitHub\BSPQ20-E2\Netflix\target\classes\es\deusto\BSPQ20_E2\Netflix\server\Users.class
13:14:04,148 (main) ERROR [DataNucleus.Datastore] - Un error estaba tirado con ALTER TABLE `FILM` ADD COLUMN `PRICE` FLOAT NOT NULL : Table 'netflix.film' doesn't exist
java.sql.SQLSyntaxErrorException: Table 'netflix.film' doesn't exist
	at com.mysql.cj.jdbc.exceptions.SQLError.createSQLException(SQLError.java:120)
	at com.mysql.cj.jdbc.exceptions.SQLError.createSQLException(SQLError.java:97)
	at com.mysql.cj.jdbc.exceptions.SQLExceptionsMapping.translateException(SQLExceptionsMapping.java:122)
	at com.mysql.cj.jdbc.StatementImpl.executeInternal(StatementImpl.java:764)
	at com.mysql.cj.jdbc.StatementImpl.execute(StatementImpl.java:648)
	at org.datanucleus.store.rdbms.datasource.dbcp2.DelegatingStatement.execute(DelegatingStatement.java:291)
	at org.datanucleus.store.rdbms.datasource.dbcp2.DelegatingStatement.execute(DelegatingStatement.java:291)
	at org.datanucleus.store.rdbms.table.AbstractTable.executeDdlStatement(AbstractTable.java:844)
	at org.datanucleus.store.rdbms.table.AbstractTable.executeDdlStatementList(AbstractTable.java:795)
	at org.datanucleus.store.rdbms.table.TableImpl.validateColumns(TableImpl.java:256)
	at org.datanucleus.store.rdbms.RDBMSStoreManager$ClassAdder.performTablesValidation(RDBMSStoreManager.java:3429)
	at org.datanucleus.store.rdbms.RDBMSStoreManager$ClassAdder.run(RDBMSStoreManager.java:2938)
	at org.datanucleus.store.rdbms.AbstractSchemaTransaction.execute(AbstractSchemaTransaction.java:118)
	at org.datanucleus.store.rdbms.RDBMSStoreManager.createSchemaForClasses(RDBMSStoreManager.java:3915)
	at org.datanucleus.store.schema.SchemaTool.createSchemaForClasses(SchemaTool.java:510)
	at org.datanucleus.store.schema.SchemaTool.main(SchemaTool.java:426)
	at java.base/jdk.internal.reflect.NativeMethodAccessorImpl.invoke0(Native Method)
	at java.base/jdk.internal.reflect.NativeMethodAccessorImpl.invoke(NativeMethodAccessorImpl.java:62)
	at java.base/jdk.internal.reflect.DelegatingMethodAccessorImpl.invoke(DelegatingMethodAccessorImpl.java:43)
	at java.base/java.lang.reflect.Method.invoke(Method.java:567)
	at org.datanucleus.maven.AbstractDataNucleusMojo.executeInJvm(AbstractDataNucleusMojo.java:345)
	at org.datanucleus.maven.AbstractSchemaToolMojo.executeSchemaTool(AbstractSchemaToolMojo.java:336)
	at org.datanucleus.maven.AbstractSchemaToolMojo.executeDataNucleusTool(AbstractSchemaToolMojo.java:150)
	at org.datanucleus.maven.AbstractDataNucleusMojo.execute(AbstractDataNucleusMojo.java:126)
	at org.apache.maven.plugin.DefaultBuildPluginManager.executeMojo(DefaultBuildPluginManager.java:137)
	at org.apache.maven.lifecycle.internal.MojoExecutor.execute(MojoExecutor.java:210)
	at org.apache.maven.lifecycle.internal.MojoExecutor.execute(MojoExecutor.java:156)
	at org.apache.maven.lifecycle.internal.MojoExecutor.execute(MojoExecutor.java:148)
	at org.apache.maven.lifecycle.internal.LifecycleModuleBuilder.buildProject(LifecycleModuleBuilder.java:117)
	at org.apache.maven.lifecycle.internal.LifecycleModuleBuilder.buildProject(LifecycleModuleBuilder.java:81)
	at org.apache.maven.lifecycle.internal.builder.singlethreaded.SingleThreadedBuilder.build(SingleThreadedBuilder.java:56)
	at org.apache.maven.lifecycle.internal.LifecycleStarter.execute(LifecycleStarter.java:128)
	at org.apache.maven.DefaultMaven.doExecute(DefaultMaven.java:305)
	at org.apache.maven.DefaultMaven.doExecute(DefaultMaven.java:192)
	at org.apache.maven.DefaultMaven.execute(DefaultMaven.java:105)
	at org.apache.maven.cli.MavenCli.execute(MavenCli.java:957)
	at org.apache.maven.cli.MavenCli.doMain(MavenCli.java:289)
	at org.apache.maven.cli.MavenCli.main(MavenCli.java:193)
	at java.base/jdk.internal.reflect.NativeMethodAccessorImpl.invoke0(Native Method)
	at java.base/jdk.internal.reflect.NativeMethodAccessorImpl.invoke(NativeMethodAccessorImpl.java:62)
	at java.base/jdk.internal.reflect.DelegatingMethodAccessorImpl.invoke(DelegatingMethodAccessorImpl.java:43)
	at java.base/java.lang.reflect.Method.invoke(Method.java:567)
	at org.codehaus.plexus.classworlds.launcher.Launcher.launchEnhanced(Launcher.java:282)
	at org.codehaus.plexus.classworlds.launcher.Launcher.launch(Launcher.java:225)
	at org.codehaus.plexus.classworlds.launcher.Launcher.mainWithExitCode(Launcher.java:406)
	at org.codehaus.plexus.classworlds.launcher.Launcher.main(Launcher.java:347)

13:14:04,179 (main) ERROR [DataNucleus.Datastore] - Un error estaba tirado con ALTER TABLE `USER` ADD COLUMN `CODE` VARCHAR(255) BINARY NULL : Table 'netflix.user' doesn't exist
java.sql.SQLSyntaxErrorException: Table 'netflix.user' doesn't exist
	at com.mysql.cj.jdbc.exceptions.SQLError.createSQLException(SQLError.java:120)
	at com.mysql.cj.jdbc.exceptions.SQLError.createSQLException(SQLError.java:97)
	at com.mysql.cj.jdbc.exceptions.SQLExceptionsMapping.translateException(SQLExceptionsMapping.java:122)
	at com.mysql.cj.jdbc.StatementImpl.executeInternal(StatementImpl.java:764)
	at com.mysql.cj.jdbc.StatementImpl.execute(StatementImpl.java:648)
	at org.datanucleus.store.rdbms.datasource.dbcp2.DelegatingStatement.execute(DelegatingStatement.java:291)
	at org.datanucleus.store.rdbms.datasource.dbcp2.DelegatingStatement.execute(DelegatingStatement.java:291)
	at org.datanucleus.store.rdbms.table.AbstractTable.executeDdlStatement(AbstractTable.java:844)
	at org.datanucleus.store.rdbms.table.AbstractTable.executeDdlStatementList(AbstractTable.java:795)
	at org.datanucleus.store.rdbms.table.TableImpl.validateColumns(TableImpl.java:256)
	at org.datanucleus.store.rdbms.RDBMSStoreManager$ClassAdder.performTablesValidation(RDBMSStoreManager.java:3429)
	at org.datanucleus.store.rdbms.RDBMSStoreManager$ClassAdder.run(RDBMSStoreManager.java:2938)
	at org.datanucleus.store.rdbms.AbstractSchemaTransaction.execute(AbstractSchemaTransaction.java:118)
	at org.datanucleus.store.rdbms.RDBMSStoreManager.createSchemaForClasses(RDBMSStoreManager.java:3915)
	at org.datanucleus.store.schema.SchemaTool.createSchemaForClasses(SchemaTool.java:510)
	at org.datanucleus.store.schema.SchemaTool.main(SchemaTool.java:426)
	at java.base/jdk.internal.reflect.NativeMethodAccessorImpl.invoke0(Native Method)
	at java.base/jdk.internal.reflect.NativeMethodAccessorImpl.invoke(NativeMethodAccessorImpl.java:62)
	at java.base/jdk.internal.reflect.DelegatingMethodAccessorImpl.invoke(DelegatingMethodAccessorImpl.java:43)
	at java.base/java.lang.reflect.Method.invoke(Method.java:567)
	at org.datanucleus.maven.AbstractDataNucleusMojo.executeInJvm(AbstractDataNucleusMojo.java:345)
	at org.datanucleus.maven.AbstractSchemaToolMojo.executeSchemaTool(AbstractSchemaToolMojo.java:336)
	at org.datanucleus.maven.AbstractSchemaToolMojo.executeDataNucleusTool(AbstractSchemaToolMojo.java:150)
	at org.datanucleus.maven.AbstractDataNucleusMojo.execute(AbstractDataNucleusMojo.java:126)
	at org.apache.maven.plugin.DefaultBuildPluginManager.executeMojo(DefaultBuildPluginManager.java:137)
	at org.apache.maven.lifecycle.internal.MojoExecutor.execute(MojoExecutor.java:210)
	at org.apache.maven.lifecycle.internal.MojoExecutor.execute(MojoExecutor.java:156)
	at org.apache.maven.lifecycle.internal.MojoExecutor.execute(MojoExecutor.java:148)
	at org.apache.maven.lifecycle.internal.LifecycleModuleBuilder.buildProject(LifecycleModuleBuilder.java:117)
	at org.apache.maven.lifecycle.internal.LifecycleModuleBuilder.buildProject(LifecycleModuleBuilder.java:81)
	at org.apache.maven.lifecycle.internal.builder.singlethreaded.SingleThreadedBuilder.build(SingleThreadedBuilder.java:56)
	at org.apache.maven.lifecycle.internal.LifecycleStarter.execute(LifecycleStarter.java:128)
	at org.apache.maven.DefaultMaven.doExecute(DefaultMaven.java:305)
	at org.apache.maven.DefaultMaven.doExecute(DefaultMaven.java:192)
	at org.apache.maven.DefaultMaven.execute(DefaultMaven.java:105)
	at org.apache.maven.cli.MavenCli.execute(MavenCli.java:957)
	at org.apache.maven.cli.MavenCli.doMain(MavenCli.java:289)
	at org.apache.maven.cli.MavenCli.main(MavenCli.java:193)
	at java.base/jdk.internal.reflect.NativeMethodAccessorImpl.invoke0(Native Method)
	at java.base/jdk.internal.reflect.NativeMethodAccessorImpl.invoke(NativeMethodAccessorImpl.java:62)
	at java.base/jdk.internal.reflect.DelegatingMethodAccessorImpl.invoke(DelegatingMethodAccessorImpl.java:43)
	at java.base/java.lang.reflect.Method.invoke(Method.java:567)
	at org.codehaus.plexus.classworlds.launcher.Launcher.launchEnhanced(Launcher.java:282)
	at org.codehaus.plexus.classworlds.launcher.Launcher.launch(Launcher.java:225)
	at org.codehaus.plexus.classworlds.launcher.Launcher.mainWithExitCode(Launcher.java:406)
	at org.codehaus.plexus.classworlds.launcher.Launcher.main(Launcher.java:347)

13:14:04,255 (main) WARN  [DataNucleus.Datastore.Schema] - Retrieved ForeignKey from datastore for table=`FILM` referencing table language but not found internally. Is there some catalog/schema or quoting causing problems?
13:14:04,255 (main) WARN  [DataNucleus.Datastore.Schema] - Retrieved ForeignKey from datastore for table=`FILM` referencing table language but not found internally. Is there some catalog/schema or quoting causing problems?
13:14:04,301 (main) ERROR [DataNucleus.Datastore] - Una excepcion estaba tirada durante la addicion/validacion de algunas class(es) : Table 'netflix.film' doesn't exist
java.sql.SQLSyntaxErrorException: Table 'netflix.film' doesn't exist
	at com.mysql.cj.jdbc.exceptions.SQLError.createSQLException(SQLError.java:120)
	at com.mysql.cj.jdbc.exceptions.SQLError.createSQLException(SQLError.java:97)
	at com.mysql.cj.jdbc.exceptions.SQLExceptionsMapping.translateException(SQLExceptionsMapping.java:122)
	at com.mysql.cj.jdbc.StatementImpl.executeInternal(StatementImpl.java:764)
	at com.mysql.cj.jdbc.StatementImpl.execute(StatementImpl.java:648)
	at org.datanucleus.store.rdbms.datasource.dbcp2.DelegatingStatement.execute(DelegatingStatement.java:291)
	at org.datanucleus.store.rdbms.datasource.dbcp2.DelegatingStatement.execute(DelegatingStatement.java:291)
	at org.datanucleus.store.rdbms.table.AbstractTable.executeDdlStatement(AbstractTable.java:844)
	at org.datanucleus.store.rdbms.table.AbstractTable.executeDdlStatementList(AbstractTable.java:795)
	at org.datanucleus.store.rdbms.table.TableImpl.validateColumns(TableImpl.java:256)
	at org.datanucleus.store.rdbms.RDBMSStoreManager$ClassAdder.performTablesValidation(RDBMSStoreManager.java:3429)
	at org.datanucleus.store.rdbms.RDBMSStoreManager$ClassAdder.run(RDBMSStoreManager.java:2938)
	at org.datanucleus.store.rdbms.AbstractSchemaTransaction.execute(AbstractSchemaTransaction.java:118)
	at org.datanucleus.store.rdbms.RDBMSStoreManager.createSchemaForClasses(RDBMSStoreManager.java:3915)
	at org.datanucleus.store.schema.SchemaTool.createSchemaForClasses(SchemaTool.java:510)
	at org.datanucleus.store.schema.SchemaTool.main(SchemaTool.java:426)
	at java.base/jdk.internal.reflect.NativeMethodAccessorImpl.invoke0(Native Method)
	at java.base/jdk.internal.reflect.NativeMethodAccessorImpl.invoke(NativeMethodAccessorImpl.java:62)
	at java.base/jdk.internal.reflect.DelegatingMethodAccessorImpl.invoke(DelegatingMethodAccessorImpl.java:43)
	at java.base/java.lang.reflect.Method.invoke(Method.java:567)
	at org.datanucleus.maven.AbstractDataNucleusMojo.executeInJvm(AbstractDataNucleusMojo.java:345)
	at org.datanucleus.maven.AbstractSchemaToolMojo.executeSchemaTool(AbstractSchemaToolMojo.java:336)
	at org.datanucleus.maven.AbstractSchemaToolMojo.executeDataNucleusTool(AbstractSchemaToolMojo.java:150)
	at org.datanucleus.maven.AbstractDataNucleusMojo.execute(AbstractDataNucleusMojo.java:126)
	at org.apache.maven.plugin.DefaultBuildPluginManager.executeMojo(DefaultBuildPluginManager.java:137)
	at org.apache.maven.lifecycle.internal.MojoExecutor.execute(MojoExecutor.java:210)
	at org.apache.maven.lifecycle.internal.MojoExecutor.execute(MojoExecutor.java:156)
	at org.apache.maven.lifecycle.internal.MojoExecutor.execute(MojoExecutor.java:148)
	at org.apache.maven.lifecycle.internal.LifecycleModuleBuilder.buildProject(LifecycleModuleBuilder.java:117)
	at org.apache.maven.lifecycle.internal.LifecycleModuleBuilder.buildProject(LifecycleModuleBuilder.java:81)
	at org.apache.maven.lifecycle.internal.builder.singlethreaded.SingleThreadedBuilder.build(SingleThreadedBuilder.java:56)
	at org.apache.maven.lifecycle.internal.LifecycleStarter.execute(LifecycleStarter.java:128)
	at org.apache.maven.DefaultMaven.doExecute(DefaultMaven.java:305)
	at org.apache.maven.DefaultMaven.doExecute(DefaultMaven.java:192)
	at org.apache.maven.DefaultMaven.execute(DefaultMaven.java:105)
	at org.apache.maven.cli.MavenCli.execute(MavenCli.java:957)
	at org.apache.maven.cli.MavenCli.doMain(MavenCli.java:289)
	at org.apache.maven.cli.MavenCli.main(MavenCli.java:193)
	at java.base/jdk.internal.reflect.NativeMethodAccessorImpl.invoke0(Native Method)
	at java.base/jdk.internal.reflect.NativeMethodAccessorImpl.invoke(NativeMethodAccessorImpl.java:62)
	at java.base/jdk.internal.reflect.DelegatingMethodAccessorImpl.invoke(DelegatingMethodAccessorImpl.java:43)
	at java.base/java.lang.reflect.Method.invoke(Method.java:567)
	at org.codehaus.plexus.classworlds.launcher.Launcher.launchEnhanced(Launcher.java:282)
	at org.codehaus.plexus.classworlds.launcher.Launcher.launch(Launcher.java:225)
	at org.codehaus.plexus.classworlds.launcher.Launcher.mainWithExitCode(Launcher.java:406)
	at org.codehaus.plexus.classworlds.launcher.Launcher.main(Launcher.java:347)

13:14:04,301 (main) ERROR [DataNucleus.Datastore] - Una excepcion estaba tirada durante la addicion/validacion de algunas class(es) : Table 'netflix.user' doesn't exist
java.sql.SQLSyntaxErrorException: Table 'netflix.user' doesn't exist
	at com.mysql.cj.jdbc.exceptions.SQLError.createSQLException(SQLError.java:120)
	at com.mysql.cj.jdbc.exceptions.SQLError.createSQLException(SQLError.java:97)
	at com.mysql.cj.jdbc.exceptions.SQLExceptionsMapping.translateException(SQLExceptionsMapping.java:122)
	at com.mysql.cj.jdbc.StatementImpl.executeInternal(StatementImpl.java:764)
	at com.mysql.cj.jdbc.StatementImpl.execute(StatementImpl.java:648)
	at org.datanucleus.store.rdbms.datasource.dbcp2.DelegatingStatement.execute(DelegatingStatement.java:291)
	at org.datanucleus.store.rdbms.datasource.dbcp2.DelegatingStatement.execute(DelegatingStatement.java:291)
	at org.datanucleus.store.rdbms.table.AbstractTable.executeDdlStatement(AbstractTable.java:844)
	at org.datanucleus.store.rdbms.table.AbstractTable.executeDdlStatementList(AbstractTable.java:795)
	at org.datanucleus.store.rdbms.table.TableImpl.validateColumns(TableImpl.java:256)
	at org.datanucleus.store.rdbms.RDBMSStoreManager$ClassAdder.performTablesValidation(RDBMSStoreManager.java:3429)
	at org.datanucleus.store.rdbms.RDBMSStoreManager$ClassAdder.run(RDBMSStoreManager.java:2938)
	at org.datanucleus.store.rdbms.AbstractSchemaTransaction.execute(AbstractSchemaTransaction.java:118)
	at org.datanucleus.store.rdbms.RDBMSStoreManager.createSchemaForClasses(RDBMSStoreManager.java:3915)
	at org.datanucleus.store.schema.SchemaTool.createSchemaForClasses(SchemaTool.java:510)
	at org.datanucleus.store.schema.SchemaTool.main(SchemaTool.java:426)
	at java.base/jdk.internal.reflect.NativeMethodAccessorImpl.invoke0(Native Method)
	at java.base/jdk.internal.reflect.NativeMethodAccessorImpl.invoke(NativeMethodAccessorImpl.java:62)
	at java.base/jdk.internal.reflect.DelegatingMethodAccessorImpl.invoke(DelegatingMethodAccessorImpl.java:43)
	at java.base/java.lang.reflect.Method.invoke(Method.java:567)
	at org.datanucleus.maven.AbstractDataNucleusMojo.executeInJvm(AbstractDataNucleusMojo.java:345)
	at org.datanucleus.maven.AbstractSchemaToolMojo.executeSchemaTool(AbstractSchemaToolMojo.java:336)
	at org.datanucleus.maven.AbstractSchemaToolMojo.executeDataNucleusTool(AbstractSchemaToolMojo.java:150)
	at org.datanucleus.maven.AbstractDataNucleusMojo.execute(AbstractDataNucleusMojo.java:126)
	at org.apache.maven.plugin.DefaultBuildPluginManager.executeMojo(DefaultBuildPluginManager.java:137)
	at org.apache.maven.lifecycle.internal.MojoExecutor.execute(MojoExecutor.java:210)
	at org.apache.maven.lifecycle.internal.MojoExecutor.execute(MojoExecutor.java:156)
	at org.apache.maven.lifecycle.internal.MojoExecutor.execute(MojoExecutor.java:148)
	at org.apache.maven.lifecycle.internal.LifecycleModuleBuilder.buildProject(LifecycleModuleBuilder.java:117)
	at org.apache.maven.lifecycle.internal.LifecycleModuleBuilder.buildProject(LifecycleModuleBuilder.java:81)
	at org.apache.maven.lifecycle.internal.builder.singlethreaded.SingleThreadedBuilder.build(SingleThreadedBuilder.java:56)
	at org.apache.maven.lifecycle.internal.LifecycleStarter.execute(LifecycleStarter.java:128)
	at org.apache.maven.DefaultMaven.doExecute(DefaultMaven.java:305)
	at org.apache.maven.DefaultMaven.doExecute(DefaultMaven.java:192)
	at org.apache.maven.DefaultMaven.execute(DefaultMaven.java:105)
	at org.apache.maven.cli.MavenCli.execute(MavenCli.java:957)
	at org.apache.maven.cli.MavenCli.doMain(MavenCli.java:289)
	at org.apache.maven.cli.MavenCli.main(MavenCli.java:193)
	at java.base/jdk.internal.reflect.NativeMethodAccessorImpl.invoke0(Native Method)
	at java.base/jdk.internal.reflect.NativeMethodAccessorImpl.invoke(NativeMethodAccessorImpl.java:62)
	at java.base/jdk.internal.reflect.DelegatingMethodAccessorImpl.invoke(DelegatingMethodAccessorImpl.java:43)
	at java.base/java.lang.reflect.Method.invoke(Method.java:567)
	at org.codehaus.plexus.classworlds.launcher.Launcher.launchEnhanced(Launcher.java:282)
	at org.codehaus.plexus.classworlds.launcher.Launcher.launch(Launcher.java:225)
	at org.codehaus.plexus.classworlds.launcher.Launcher.mainWithExitCode(Launcher.java:406)
	at org.codehaus.plexus.classworlds.launcher.Launcher.main(Launcher.java:347)

13:14:04,315 (main) ERROR [DataNucleus.SchemaTool] - DataNucleus SchemaTool ha lanzado una excepción. Por favor consulte el Log para ver más detalles: Hemos encontrado unos errores durante la validación o creación de las tablas. Los errores estan en el log, y estan adjuntados a esta excepción.
Hemos encontrado unos errores durante la validación o creación de las tablas. Los errores estan en el log, y estan adjuntados a esta excepción.
org.datanucleus.exceptions.NucleusDataStoreException: Hemos encontrado unos errores durante la validación o creación de las tablas. Los errores estan en el log, y estan adjuntados a esta excepción.
	at org.datanucleus.store.rdbms.RDBMSStoreManager$ClassAdder.run(RDBMSStoreManager.java:2971)
	at org.datanucleus.store.rdbms.AbstractSchemaTransaction.execute(AbstractSchemaTransaction.java:118)
	at org.datanucleus.store.rdbms.RDBMSStoreManager.createSchemaForClasses(RDBMSStoreManager.java:3915)
	at org.datanucleus.store.schema.SchemaTool.createSchemaForClasses(SchemaTool.java:510)
	at org.datanucleus.store.schema.SchemaTool.main(SchemaTool.java:426)
	at java.base/jdk.internal.reflect.NativeMethodAccessorImpl.invoke0(Native Method)
	at java.base/jdk.internal.reflect.NativeMethodAccessorImpl.invoke(NativeMethodAccessorImpl.java:62)
	at java.base/jdk.internal.reflect.DelegatingMethodAccessorImpl.invoke(DelegatingMethodAccessorImpl.java:43)
	at java.base/java.lang.reflect.Method.invoke(Method.java:567)
	at org.datanucleus.maven.AbstractDataNucleusMojo.executeInJvm(AbstractDataNucleusMojo.java:345)
	at org.datanucleus.maven.AbstractSchemaToolMojo.executeSchemaTool(AbstractSchemaToolMojo.java:336)
	at org.datanucleus.maven.AbstractSchemaToolMojo.executeDataNucleusTool(AbstractSchemaToolMojo.java:150)
	at org.datanucleus.maven.AbstractDataNucleusMojo.execute(AbstractDataNucleusMojo.java:126)
	at org.apache.maven.plugin.DefaultBuildPluginManager.executeMojo(DefaultBuildPluginManager.java:137)
	at org.apache.maven.lifecycle.internal.MojoExecutor.execute(MojoExecutor.java:210)
	at org.apache.maven.lifecycle.internal.MojoExecutor.execute(MojoExecutor.java:156)
	at org.apache.maven.lifecycle.internal.MojoExecutor.execute(MojoExecutor.java:148)
	at org.apache.maven.lifecycle.internal.LifecycleModuleBuilder.buildProject(LifecycleModuleBuilder.java:117)
	at org.apache.maven.lifecycle.internal.LifecycleModuleBuilder.buildProject(LifecycleModuleBuilder.java:81)
	at org.apache.maven.lifecycle.internal.builder.singlethreaded.SingleThreadedBuilder.build(SingleThreadedBuilder.java:56)
	at org.apache.maven.lifecycle.internal.LifecycleStarter.execute(LifecycleStarter.java:128)
	at org.apache.maven.DefaultMaven.doExecute(DefaultMaven.java:305)
	at org.apache.maven.DefaultMaven.doExecute(DefaultMaven.java:192)
	at org.apache.maven.DefaultMaven.execute(DefaultMaven.java:105)
	at org.apache.maven.cli.MavenCli.execute(MavenCli.java:957)
	at org.apache.maven.cli.MavenCli.doMain(MavenCli.java:289)
	at org.apache.maven.cli.MavenCli.main(MavenCli.java:193)
	at java.base/jdk.internal.reflect.NativeMethodAccessorImpl.invoke0(Native Method)
	at java.base/jdk.internal.reflect.NativeMethodAccessorImpl.invoke(NativeMethodAccessorImpl.java:62)
	at java.base/jdk.internal.reflect.DelegatingMethodAccessorImpl.invoke(DelegatingMethodAccessorImpl.java:43)
	at java.base/java.lang.reflect.Method.invoke(Method.java:567)
	at org.codehaus.plexus.classworlds.launcher.Launcher.launchEnhanced(Launcher.java:282)
	at org.codehaus.plexus.classworlds.launcher.Launcher.launch(Launcher.java:225)
	at org.codehaus.plexus.classworlds.launcher.Launcher.mainWithExitCode(Launcher.java:406)
	at org.codehaus.plexus.classworlds.launcher.Launcher.main(Launcher.java:347)
Caused by: java.sql.SQLSyntaxErrorException: Table 'netflix.film' doesn't exist
	at com.mysql.cj.jdbc.exceptions.SQLError.createSQLException(SQLError.java:120)
	at com.mysql.cj.jdbc.exceptions.SQLError.createSQLException(SQLError.java:97)
	at com.mysql.cj.jdbc.exceptions.SQLExceptionsMapping.translateException(SQLExceptionsMapping.java:122)
	at com.mysql.cj.jdbc.StatementImpl.executeInternal(StatementImpl.java:764)
	at com.mysql.cj.jdbc.StatementImpl.execute(StatementImpl.java:648)
	at org.datanucleus.store.rdbms.datasource.dbcp2.DelegatingStatement.execute(DelegatingStatement.java:291)
	at org.datanucleus.store.rdbms.datasource.dbcp2.DelegatingStatement.execute(DelegatingStatement.java:291)
	at org.datanucleus.store.rdbms.table.AbstractTable.executeDdlStatement(AbstractTable.java:844)
	at org.datanucleus.store.rdbms.table.AbstractTable.executeDdlStatementList(AbstractTable.java:795)
	at org.datanucleus.store.rdbms.table.TableImpl.validateColumns(TableImpl.java:256)
	at org.datanucleus.store.rdbms.RDBMSStoreManager$ClassAdder.performTablesValidation(RDBMSStoreManager.java:3429)
	at org.datanucleus.store.rdbms.RDBMSStoreManager$ClassAdder.run(RDBMSStoreManager.java:2938)
	... 34 more
Nested Throwables StackTrace:
java.sql.SQLSyntaxErrorException: Table 'netflix.film' doesn't exist
	at com.mysql.cj.jdbc.exceptions.SQLError.createSQLException(SQLError.java:120)
	at com.mysql.cj.jdbc.exceptions.SQLError.createSQLException(SQLError.java:97)
	at com.mysql.cj.jdbc.exceptions.SQLExceptionsMapping.translateException(SQLExceptionsMapping.java:122)
	at com.mysql.cj.jdbc.StatementImpl.executeInternal(StatementImpl.java:764)
	at com.mysql.cj.jdbc.StatementImpl.execute(StatementImpl.java:648)
	at org.datanucleus.store.rdbms.datasource.dbcp2.DelegatingStatement.execute(DelegatingStatement.java:291)
	at org.datanucleus.store.rdbms.datasource.dbcp2.DelegatingStatement.execute(DelegatingStatement.java:291)
	at org.datanucleus.store.rdbms.table.AbstractTable.executeDdlStatement(AbstractTable.java:844)
	at org.datanucleus.store.rdbms.table.AbstractTable.executeDdlStatementList(AbstractTable.java:795)
	at org.datanucleus.store.rdbms.table.TableImpl.validateColumns(TableImpl.java:256)
	at org.datanucleus.store.rdbms.RDBMSStoreManager$ClassAdder.performTablesValidation(RDBMSStoreManager.java:3429)
	at org.datanucleus.store.rdbms.RDBMSStoreManager$ClassAdder.run(RDBMSStoreManager.java:2938)
	at org.datanucleus.store.rdbms.AbstractSchemaTransaction.execute(AbstractSchemaTransaction.java:118)
	at org.datanucleus.store.rdbms.RDBMSStoreManager.createSchemaForClasses(RDBMSStoreManager.java:3915)
	at org.datanucleus.store.schema.SchemaTool.createSchemaForClasses(SchemaTool.java:510)
	at org.datanucleus.store.schema.SchemaTool.main(SchemaTool.java:426)
	at java.base/jdk.internal.reflect.NativeMethodAccessorImpl.invoke0(Native Method)
	at java.base/jdk.internal.reflect.NativeMethodAccessorImpl.invoke(NativeMethodAccessorImpl.java:62)
	at java.base/jdk.internal.reflect.DelegatingMethodAccessorImpl.invoke(DelegatingMethodAccessorImpl.java:43)
	at java.base/java.lang.reflect.Method.invoke(Method.java:567)
	at org.datanucleus.maven.AbstractDataNucleusMojo.executeInJvm(AbstractDataNucleusMojo.java:345)
	at org.datanucleus.maven.AbstractSchemaToolMojo.executeSchemaTool(AbstractSchemaToolMojo.java:336)
	at org.datanucleus.maven.AbstractSchemaToolMojo.executeDataNucleusTool(AbstractSchemaToolMojo.java:150)
	at org.datanucleus.maven.AbstractDataNucleusMojo.execute(AbstractDataNucleusMojo.java:126)
	at org.apache.maven.plugin.DefaultBuildPluginManager.executeMojo(DefaultBuildPluginManager.java:137)
	at org.apache.maven.lifecycle.internal.MojoExecutor.execute(MojoExecutor.java:210)
	at org.apache.maven.lifecycle.internal.MojoExecutor.execute(MojoExecutor.java:156)
	at org.apache.maven.lifecycle.internal.MojoExecutor.execute(MojoExecutor.java:148)
	at org.apache.maven.lifecycle.internal.LifecycleModuleBuilder.buildProject(LifecycleModuleBuilder.java:117)
	at org.apache.maven.lifecycle.internal.LifecycleModuleBuilder.buildProject(LifecycleModuleBuilder.java:81)
	at org.apache.maven.lifecycle.internal.builder.singlethreaded.SingleThreadedBuilder.build(SingleThreadedBuilder.java:56)
	at org.apache.maven.lifecycle.internal.LifecycleStarter.execute(LifecycleStarter.java:128)
	at org.apache.maven.DefaultMaven.doExecute(DefaultMaven.java:305)
	at org.apache.maven.DefaultMaven.doExecute(DefaultMaven.java:192)
	at org.apache.maven.DefaultMaven.execute(DefaultMaven.java:105)
	at org.apache.maven.cli.MavenCli.execute(MavenCli.java:957)
	at org.apache.maven.cli.MavenCli.doMain(MavenCli.java:289)
	at org.apache.maven.cli.MavenCli.main(MavenCli.java:193)
	at java.base/jdk.internal.reflect.NativeMethodAccessorImpl.invoke0(Native Method)
	at java.base/jdk.internal.reflect.NativeMethodAccessorImpl.invoke(NativeMethodAccessorImpl.java:62)
	at java.base/jdk.internal.reflect.DelegatingMethodAccessorImpl.invoke(DelegatingMethodAccessorImpl.java:43)
	at java.base/java.lang.reflect.Method.invoke(Method.java:567)
	at org.codehaus.plexus.classworlds.launcher.Launcher.launchEnhanced(Launcher.java:282)
	at org.codehaus.plexus.classworlds.launcher.Launcher.launch(Launcher.java:225)
	at org.codehaus.plexus.classworlds.launcher.Launcher.mainWithExitCode(Launcher.java:406)
	at org.codehaus.plexus.classworlds.launcher.Launcher.main(Launcher.java:347)
java.sql.SQLSyntaxErrorException: Table 'netflix.user' doesn't exist
	at com.mysql.cj.jdbc.exceptions.SQLError.createSQLException(SQLError.java:120)
	at com.mysql.cj.jdbc.exceptions.SQLError.createSQLException(SQLError.java:97)
	at com.mysql.cj.jdbc.exceptions.SQLExceptionsMapping.translateException(SQLExceptionsMapping.java:122)
	at com.mysql.cj.jdbc.StatementImpl.executeInternal(StatementImpl.java:764)
	at com.mysql.cj.jdbc.StatementImpl.execute(StatementImpl.java:648)
	at org.datanucleus.store.rdbms.datasource.dbcp2.DelegatingStatement.execute(DelegatingStatement.java:291)
	at org.datanucleus.store.rdbms.datasource.dbcp2.DelegatingStatement.execute(DelegatingStatement.java:291)
	at org.datanucleus.store.rdbms.table.AbstractTable.executeDdlStatement(AbstractTable.java:844)
	at org.datanucleus.store.rdbms.table.AbstractTable.executeDdlStatementList(AbstractTable.java:795)
	at org.datanucleus.store.rdbms.table.TableImpl.validateColumns(TableImpl.java:256)
	at org.datanucleus.store.rdbms.RDBMSStoreManager$ClassAdder.performTablesValidation(RDBMSStoreManager.java:3429)
	at org.datanucleus.store.rdbms.RDBMSStoreManager$ClassAdder.run(RDBMSStoreManager.java:2938)
	at org.datanucleus.store.rdbms.AbstractSchemaTransaction.execute(AbstractSchemaTransaction.java:118)
	at org.datanucleus.store.rdbms.RDBMSStoreManager.createSchemaForClasses(RDBMSStoreManager.java:3915)
	at org.datanucleus.store.schema.SchemaTool.createSchemaForClasses(SchemaTool.java:510)
	at org.datanucleus.store.schema.SchemaTool.main(SchemaTool.java:426)
	at java.base/jdk.internal.reflect.NativeMethodAccessorImpl.invoke0(Native Method)
	at java.base/jdk.internal.reflect.NativeMethodAccessorImpl.invoke(NativeMethodAccessorImpl.java:62)
	at java.base/jdk.internal.reflect.DelegatingMethodAccessorImpl.invoke(DelegatingMethodAccessorImpl.java:43)
	at java.base/java.lang.reflect.Method.invoke(Method.java:567)
	at org.datanucleus.maven.AbstractDataNucleusMojo.executeInJvm(AbstractDataNucleusMojo.java:345)
	at org.datanucleus.maven.AbstractSchemaToolMojo.executeSchemaTool(AbstractSchemaToolMojo.java:336)
	at org.datanucleus.maven.AbstractSchemaToolMojo.executeDataNucleusTool(AbstractSchemaToolMojo.java:150)
	at org.datanucleus.maven.AbstractDataNucleusMojo.execute(AbstractDataNucleusMojo.java:126)
	at org.apache.maven.plugin.DefaultBuildPluginManager.executeMojo(DefaultBuildPluginManager.java:137)
	at org.apache.maven.lifecycle.internal.MojoExecutor.execute(MojoExecutor.java:210)
	at org.apache.maven.lifecycle.internal.MojoExecutor.execute(MojoExecutor.java:156)
	at org.apache.maven.lifecycle.internal.MojoExecutor.execute(MojoExecutor.java:148)
	at org.apache.maven.lifecycle.internal.LifecycleModuleBuilder.buildProject(LifecycleModuleBuilder.java:117)
	at org.apache.maven.lifecycle.internal.LifecycleModuleBuilder.buildProject(LifecycleModuleBuilder.java:81)
	at org.apache.maven.lifecycle.internal.builder.singlethreaded.SingleThreadedBuilder.build(SingleThreadedBuilder.java:56)
	at org.apache.maven.lifecycle.internal.LifecycleStarter.execute(LifecycleStarter.java:128)
	at org.apache.maven.DefaultMaven.doExecute(DefaultMaven.java:305)
	at org.apache.maven.DefaultMaven.doExecute(DefaultMaven.java:192)
	at org.apache.maven.DefaultMaven.execute(DefaultMaven.java:105)
	at org.apache.maven.cli.MavenCli.execute(MavenCli.java:957)
	at org.apache.maven.cli.MavenCli.doMain(MavenCli.java:289)
	at org.apache.maven.cli.MavenCli.main(MavenCli.java:193)
	at java.base/jdk.internal.reflect.NativeMethodAccessorImpl.invoke0(Native Method)
	at java.base/jdk.internal.reflect.NativeMethodAccessorImpl.invoke(NativeMethodAccessorImpl.java:62)
	at java.base/jdk.internal.reflect.DelegatingMethodAccessorImpl.invoke(DelegatingMethodAccessorImpl.java:43)
	at java.base/java.lang.reflect.Method.invoke(Method.java:567)
	at org.codehaus.plexus.classworlds.launcher.Launcher.launchEnhanced(Launcher.java:282)
	at org.codehaus.plexus.classworlds.launcher.Launcher.launch(Launcher.java:225)
	at org.codehaus.plexus.classworlds.launcher.Launcher.mainWithExitCode(Launcher.java:406)
	at org.codehaus.plexus.classworlds.launcher.Launcher.main(Launcher.java:347)
13:19:01,256 (main) INFO  [DataNucleus.SchemaTool] - DataNucleus SchemaTool : Creación del esquema para clases
13:19:01,259 (main) INFO  [DataNucleus.SchemaTool] - DataNucleus SchemaTool : Classpath
13:19:01,261 (main) INFO  [DataNucleus.SchemaTool] - >>  C:\Users\Jorge\Documents\apache-maven-3.6.3-bin\apache-maven-3.6.3\bin\..\boot\plexus-classworlds-2.6.0.jar
13:19:03,017 (main) WARN  [DataNucleus.Datastore] - Default type for java type of java.math.BigInteger was previously jdbc-type=NUMERIC but this is not provided by the JDBC driver! Please report this to the DataNucleus developers
13:19:03,270 (main) INFO  [DataNucleus.SchemaTool] - DataNucleus SchemaTool : Propiedades para persistencia
13:19:03,274 (main) INFO  [DataNucleus.SchemaTool] - >>  datanucleus.autostartmechanism=None
13:19:03,277 (main) INFO  [DataNucleus.SchemaTool] - >>  datanucleus.connectiondrivername=com.mysql.cj.jdbc.Driver
13:19:03,282 (main) INFO  [DataNucleus.SchemaTool] - >>  datanucleus.connectionurl=jdbc:mysql://localhost/netflix?verifyServerCertificate=false&useSSL=true&useLegacyDatetimeCode=false&serverTimezone=UTC
13:19:03,292 (main) INFO  [DataNucleus.SchemaTool] - >>  datanucleus.connectionusername=spq
13:19:03,294 (main) INFO  [DataNucleus.SchemaTool] - >>  datanucleus.detachalloncommit=true
13:19:03,296 (main) INFO  [DataNucleus.SchemaTool] - >>  datanucleus.mapping=mysql
13:19:03,299 (main) INFO  [DataNucleus.SchemaTool] - >>  datanucleus.rdbms.checkexisttablesorviews=true
13:19:03,304 (main) INFO  [DataNucleus.SchemaTool] - >>  datanucleus.readonlydatastore=false
13:19:03,307 (main) INFO  [DataNucleus.SchemaTool] - >>  datanucleus.schema.autocreatecolumns=true
13:19:03,313 (main) INFO  [DataNucleus.SchemaTool] - >>  datanucleus.schema.autocreateconstraints=true
13:19:03,317 (main) INFO  [DataNucleus.SchemaTool] - >>  datanucleus.schema.autocreatetables=true
13:19:03,322 (main) INFO  [DataNucleus.SchemaTool] - DataNucleus SchemaTool : Ficheros
13:19:03,324 (main) INFO  [DataNucleus.SchemaTool] - >>  C:\Users\Jorge\Documents\GitHub\BSPQ20-E2\Netflix\target\classes\es\deusto\BSPQ20_E2\Netflix\client\Client.class
13:19:03,331 (main) INFO  [DataNucleus.SchemaTool] - >>  C:\Users\Jorge\Documents\GitHub\BSPQ20-E2\Netflix\target\classes\es\deusto\BSPQ20_E2\Netflix\client\gui\Login$1.class
13:19:03,340 (main) INFO  [DataNucleus.SchemaTool] - >>  C:\Users\Jorge\Documents\GitHub\BSPQ20-E2\Netflix\target\classes\es\deusto\BSPQ20_E2\Netflix\client\gui\Login$2.class
13:19:03,346 (main) INFO  [DataNucleus.SchemaTool] - >>  C:\Users\Jorge\Documents\GitHub\BSPQ20-E2\Netflix\target\classes\es\deusto\BSPQ20_E2\Netflix\client\gui\Login.class
13:19:03,353 (main) INFO  [DataNucleus.SchemaTool] - >>  C:\Users\Jorge\Documents\GitHub\BSPQ20-E2\Netflix\target\classes\es\deusto\BSPQ20_E2\Netflix\client\gui\PaymentWindow.class
13:19:03,360 (main) INFO  [DataNucleus.SchemaTool] - >>  C:\Users\Jorge\Documents\GitHub\BSPQ20-E2\Netflix\target\classes\es\deusto\BSPQ20_E2\Netflix\client\gui\RegWindow$1$1.class
13:19:03,369 (main) INFO  [DataNucleus.SchemaTool] - >>  C:\Users\Jorge\Documents\GitHub\BSPQ20-E2\Netflix\target\classes\es\deusto\BSPQ20_E2\Netflix\client\gui\RegWindow$1.class
13:19:03,377 (main) INFO  [DataNucleus.SchemaTool] - >>  C:\Users\Jorge\Documents\GitHub\BSPQ20-E2\Netflix\target\classes\es\deusto\BSPQ20_E2\Netflix\client\gui\RegWindow$2.class
13:19:03,384 (main) INFO  [DataNucleus.SchemaTool] - >>  C:\Users\Jorge\Documents\GitHub\BSPQ20-E2\Netflix\target\classes\es\deusto\BSPQ20_E2\Netflix\client\gui\RegWindow$3.class
13:19:03,392 (main) INFO  [DataNucleus.SchemaTool] - >>  C:\Users\Jorge\Documents\GitHub\BSPQ20-E2\Netflix\target\classes\es\deusto\BSPQ20_E2\Netflix\client\gui\RegWindow$4.class
13:19:03,400 (main) INFO  [DataNucleus.SchemaTool] - >>  C:\Users\Jorge\Documents\GitHub\BSPQ20-E2\Netflix\target\classes\es\deusto\BSPQ20_E2\Netflix\client\gui\RegWindow.class
13:19:03,406 (main) INFO  [DataNucleus.SchemaTool] - >>  C:\Users\Jorge\Documents\GitHub\BSPQ20-E2\Netflix\target\classes\es\deusto\BSPQ20_E2\Netflix\demo\Demo.class
13:19:03,410 (main) INFO  [DataNucleus.SchemaTool] - >>  C:\Users\Jorge\Documents\GitHub\BSPQ20-E2\Netflix\target\classes\es\deusto\BSPQ20_E2\Netflix\demo\DemoDB.class
13:19:03,420 (main) INFO  [DataNucleus.SchemaTool] - >>  C:\Users\Jorge\Documents\GitHub\BSPQ20-E2\Netflix\target\classes\es\deusto\BSPQ20_E2\Netflix\demo\dLogin$1.class
13:19:03,427 (main) INFO  [DataNucleus.SchemaTool] - >>  C:\Users\Jorge\Documents\GitHub\BSPQ20-E2\Netflix\target\classes\es\deusto\BSPQ20_E2\Netflix\demo\dLogin$2.class
13:19:03,435 (main) INFO  [DataNucleus.SchemaTool] - >>  C:\Users\Jorge\Documents\GitHub\BSPQ20-E2\Netflix\target\classes\es\deusto\BSPQ20_E2\Netflix\demo\dLogin.class
13:19:03,440 (main) INFO  [DataNucleus.SchemaTool] - >>  C:\Users\Jorge\Documents\GitHub\BSPQ20-E2\Netflix\target\classes\es\deusto\BSPQ20_E2\Netflix\demo\dPaymentWindow$1.class
13:19:03,446 (main) INFO  [DataNucleus.SchemaTool] - >>  C:\Users\Jorge\Documents\GitHub\BSPQ20-E2\Netflix\target\classes\es\deusto\BSPQ20_E2\Netflix\demo\dPaymentWindow.class
13:19:03,453 (main) INFO  [DataNucleus.SchemaTool] - >>  C:\Users\Jorge\Documents\GitHub\BSPQ20-E2\Netflix\target\classes\es\deusto\BSPQ20_E2\Netflix\demo\MainWindow$1.class
13:19:03,459 (main) INFO  [DataNucleus.SchemaTool] - >>  C:\Users\Jorge\Documents\GitHub\BSPQ20-E2\Netflix\target\classes\es\deusto\BSPQ20_E2\Netflix\demo\MainWindow$2.class
13:19:03,468 (main) INFO  [DataNucleus.SchemaTool] - >>  C:\Users\Jorge\Documents\GitHub\BSPQ20-E2\Netflix\target\classes\es\deusto\BSPQ20_E2\Netflix\demo\MainWindow$3.class
13:19:03,474 (main) INFO  [DataNucleus.SchemaTool] - >>  C:\Users\Jorge\Documents\GitHub\BSPQ20-E2\Netflix\target\classes\es\deusto\BSPQ20_E2\Netflix\demo\MainWindow$4.class
13:19:03,479 (main) INFO  [DataNucleus.SchemaTool] - >>  C:\Users\Jorge\Documents\GitHub\BSPQ20-E2\Netflix\target\classes\es\deusto\BSPQ20_E2\Netflix\demo\MainWindow.class
13:19:03,485 (main) INFO  [DataNucleus.SchemaTool] - >>  C:\Users\Jorge\Documents\GitHub\BSPQ20-E2\Netflix\target\classes\es\deusto\BSPQ20_E2\Netflix\demo\RegWindow$1$1.class
13:19:03,491 (main) INFO  [DataNucleus.SchemaTool] - >>  C:\Users\Jorge\Documents\GitHub\BSPQ20-E2\Netflix\target\classes\es\deusto\BSPQ20_E2\Netflix\demo\RegWindow$1.class
13:19:03,497 (main) INFO  [DataNucleus.SchemaTool] - >>  C:\Users\Jorge\Documents\GitHub\BSPQ20-E2\Netflix\target\classes\es\deusto\BSPQ20_E2\Netflix\demo\RegWindow$2.class
13:19:03,503 (main) INFO  [DataNucleus.SchemaTool] - >>  C:\Users\Jorge\Documents\GitHub\BSPQ20-E2\Netflix\target\classes\es\deusto\BSPQ20_E2\Netflix\demo\RegWindow$3.class
13:19:03,508 (main) INFO  [DataNucleus.SchemaTool] - >>  C:\Users\Jorge\Documents\GitHub\BSPQ20-E2\Netflix\target\classes\es\deusto\BSPQ20_E2\Netflix\demo\RegWindow$4.class
13:19:03,515 (main) INFO  [DataNucleus.SchemaTool] - >>  C:\Users\Jorge\Documents\GitHub\BSPQ20-E2\Netflix\target\classes\es\deusto\BSPQ20_E2\Netflix\demo\RegWindow.class
13:19:03,520 (main) INFO  [DataNucleus.SchemaTool] - >>  C:\Users\Jorge\Documents\GitHub\BSPQ20-E2\Netflix\target\classes\es\deusto\BSPQ20_E2\Netflix\pojo\Film.class
13:19:03,525 (main) INFO  [DataNucleus.SchemaTool] - >>  C:\Users\Jorge\Documents\GitHub\BSPQ20-E2\Netflix\target\classes\es\deusto\BSPQ20_E2\Netflix\pojo\User.class
13:19:03,530 (main) INFO  [DataNucleus.SchemaTool] - >>  C:\Users\Jorge\Documents\GitHub\BSPQ20-E2\Netflix\target\classes\es\deusto\BSPQ20_E2\Netflix\server\db\SqlDB.class
13:19:03,536 (main) INFO  [DataNucleus.SchemaTool] - >>  C:\Users\Jorge\Documents\GitHub\BSPQ20-E2\Netflix\target\classes\es\deusto\BSPQ20_E2\Netflix\server\Main.class
13:19:03,541 (main) INFO  [DataNucleus.SchemaTool] - >>  C:\Users\Jorge\Documents\GitHub\BSPQ20-E2\Netflix\target\classes\es\deusto\BSPQ20_E2\Netflix\server\MyResource.class
13:19:03,547 (main) INFO  [DataNucleus.SchemaTool] - >>  C:\Users\Jorge\Documents\GitHub\BSPQ20-E2\Netflix\target\classes\es\deusto\BSPQ20_E2\Netflix\server\Psystem.class
13:19:03,552 (main) INFO  [DataNucleus.SchemaTool] - >>  C:\Users\Jorge\Documents\GitHub\BSPQ20-E2\Netflix\target\classes\es\deusto\BSPQ20_E2\Netflix\server\Test$1.class
13:19:03,558 (main) INFO  [DataNucleus.SchemaTool] - >>  C:\Users\Jorge\Documents\GitHub\BSPQ20-E2\Netflix\target\classes\es\deusto\BSPQ20_E2\Netflix\server\Test$2.class
13:19:03,563 (main) INFO  [DataNucleus.SchemaTool] - >>  C:\Users\Jorge\Documents\GitHub\BSPQ20-E2\Netflix\target\classes\es\deusto\BSPQ20_E2\Netflix\server\Test.class
13:19:03,569 (main) INFO  [DataNucleus.SchemaTool] - >>  C:\Users\Jorge\Documents\GitHub\BSPQ20-E2\Netflix\target\classes\es\deusto\BSPQ20_E2\Netflix\server\Users.class
13:19:03,919 (main) ERROR [DataNucleus.Datastore] - Un error estaba tirado con ALTER TABLE `FILM` ADD COLUMN `PRICE` FLOAT NOT NULL : Table 'netflix.film' doesn't exist
java.sql.SQLSyntaxErrorException: Table 'netflix.film' doesn't exist
	at com.mysql.cj.jdbc.exceptions.SQLError.createSQLException(SQLError.java:120)
	at com.mysql.cj.jdbc.exceptions.SQLError.createSQLException(SQLError.java:97)
	at com.mysql.cj.jdbc.exceptions.SQLExceptionsMapping.translateException(SQLExceptionsMapping.java:122)
	at com.mysql.cj.jdbc.StatementImpl.executeInternal(StatementImpl.java:764)
	at com.mysql.cj.jdbc.StatementImpl.execute(StatementImpl.java:648)
	at org.datanucleus.store.rdbms.datasource.dbcp2.DelegatingStatement.execute(DelegatingStatement.java:291)
	at org.datanucleus.store.rdbms.datasource.dbcp2.DelegatingStatement.execute(DelegatingStatement.java:291)
	at org.datanucleus.store.rdbms.table.AbstractTable.executeDdlStatement(AbstractTable.java:844)
	at org.datanucleus.store.rdbms.table.AbstractTable.executeDdlStatementList(AbstractTable.java:795)
	at org.datanucleus.store.rdbms.table.TableImpl.validateColumns(TableImpl.java:256)
	at org.datanucleus.store.rdbms.RDBMSStoreManager$ClassAdder.performTablesValidation(RDBMSStoreManager.java:3429)
	at org.datanucleus.store.rdbms.RDBMSStoreManager$ClassAdder.run(RDBMSStoreManager.java:2938)
	at org.datanucleus.store.rdbms.AbstractSchemaTransaction.execute(AbstractSchemaTransaction.java:118)
	at org.datanucleus.store.rdbms.RDBMSStoreManager.createSchemaForClasses(RDBMSStoreManager.java:3915)
	at org.datanucleus.store.schema.SchemaTool.createSchemaForClasses(SchemaTool.java:510)
	at org.datanucleus.store.schema.SchemaTool.main(SchemaTool.java:426)
	at java.base/jdk.internal.reflect.NativeMethodAccessorImpl.invoke0(Native Method)
	at java.base/jdk.internal.reflect.NativeMethodAccessorImpl.invoke(NativeMethodAccessorImpl.java:62)
	at java.base/jdk.internal.reflect.DelegatingMethodAccessorImpl.invoke(DelegatingMethodAccessorImpl.java:43)
	at java.base/java.lang.reflect.Method.invoke(Method.java:567)
	at org.datanucleus.maven.AbstractDataNucleusMojo.executeInJvm(AbstractDataNucleusMojo.java:345)
	at org.datanucleus.maven.AbstractSchemaToolMojo.executeSchemaTool(AbstractSchemaToolMojo.java:336)
	at org.datanucleus.maven.AbstractSchemaToolMojo.executeDataNucleusTool(AbstractSchemaToolMojo.java:150)
	at org.datanucleus.maven.AbstractDataNucleusMojo.execute(AbstractDataNucleusMojo.java:126)
	at org.apache.maven.plugin.DefaultBuildPluginManager.executeMojo(DefaultBuildPluginManager.java:137)
	at org.apache.maven.lifecycle.internal.MojoExecutor.execute(MojoExecutor.java:210)
	at org.apache.maven.lifecycle.internal.MojoExecutor.execute(MojoExecutor.java:156)
	at org.apache.maven.lifecycle.internal.MojoExecutor.execute(MojoExecutor.java:148)
	at org.apache.maven.lifecycle.internal.LifecycleModuleBuilder.buildProject(LifecycleModuleBuilder.java:117)
	at org.apache.maven.lifecycle.internal.LifecycleModuleBuilder.buildProject(LifecycleModuleBuilder.java:81)
	at org.apache.maven.lifecycle.internal.builder.singlethreaded.SingleThreadedBuilder.build(SingleThreadedBuilder.java:56)
	at org.apache.maven.lifecycle.internal.LifecycleStarter.execute(LifecycleStarter.java:128)
	at org.apache.maven.DefaultMaven.doExecute(DefaultMaven.java:305)
	at org.apache.maven.DefaultMaven.doExecute(DefaultMaven.java:192)
	at org.apache.maven.DefaultMaven.execute(DefaultMaven.java:105)
	at org.apache.maven.cli.MavenCli.execute(MavenCli.java:957)
	at org.apache.maven.cli.MavenCli.doMain(MavenCli.java:289)
	at org.apache.maven.cli.MavenCli.main(MavenCli.java:193)
	at java.base/jdk.internal.reflect.NativeMethodAccessorImpl.invoke0(Native Method)
	at java.base/jdk.internal.reflect.NativeMethodAccessorImpl.invoke(NativeMethodAccessorImpl.java:62)
	at java.base/jdk.internal.reflect.DelegatingMethodAccessorImpl.invoke(DelegatingMethodAccessorImpl.java:43)
	at java.base/java.lang.reflect.Method.invoke(Method.java:567)
	at org.codehaus.plexus.classworlds.launcher.Launcher.launchEnhanced(Launcher.java:282)
	at org.codehaus.plexus.classworlds.launcher.Launcher.launch(Launcher.java:225)
	at org.codehaus.plexus.classworlds.launcher.Launcher.mainWithExitCode(Launcher.java:406)
	at org.codehaus.plexus.classworlds.launcher.Launcher.main(Launcher.java:347)

13:19:03,959 (main) ERROR [DataNucleus.Datastore] - Un error estaba tirado con ALTER TABLE `USER` ADD COLUMN `CODE` VARCHAR(255) BINARY NULL : Table 'netflix.user' doesn't exist
java.sql.SQLSyntaxErrorException: Table 'netflix.user' doesn't exist
	at com.mysql.cj.jdbc.exceptions.SQLError.createSQLException(SQLError.java:120)
	at com.mysql.cj.jdbc.exceptions.SQLError.createSQLException(SQLError.java:97)
	at com.mysql.cj.jdbc.exceptions.SQLExceptionsMapping.translateException(SQLExceptionsMapping.java:122)
	at com.mysql.cj.jdbc.StatementImpl.executeInternal(StatementImpl.java:764)
	at com.mysql.cj.jdbc.StatementImpl.execute(StatementImpl.java:648)
	at org.datanucleus.store.rdbms.datasource.dbcp2.DelegatingStatement.execute(DelegatingStatement.java:291)
	at org.datanucleus.store.rdbms.datasource.dbcp2.DelegatingStatement.execute(DelegatingStatement.java:291)
	at org.datanucleus.store.rdbms.table.AbstractTable.executeDdlStatement(AbstractTable.java:844)
	at org.datanucleus.store.rdbms.table.AbstractTable.executeDdlStatementList(AbstractTable.java:795)
	at org.datanucleus.store.rdbms.table.TableImpl.validateColumns(TableImpl.java:256)
	at org.datanucleus.store.rdbms.RDBMSStoreManager$ClassAdder.performTablesValidation(RDBMSStoreManager.java:3429)
	at org.datanucleus.store.rdbms.RDBMSStoreManager$ClassAdder.run(RDBMSStoreManager.java:2938)
	at org.datanucleus.store.rdbms.AbstractSchemaTransaction.execute(AbstractSchemaTransaction.java:118)
	at org.datanucleus.store.rdbms.RDBMSStoreManager.createSchemaForClasses(RDBMSStoreManager.java:3915)
	at org.datanucleus.store.schema.SchemaTool.createSchemaForClasses(SchemaTool.java:510)
	at org.datanucleus.store.schema.SchemaTool.main(SchemaTool.java:426)
	at java.base/jdk.internal.reflect.NativeMethodAccessorImpl.invoke0(Native Method)
	at java.base/jdk.internal.reflect.NativeMethodAccessorImpl.invoke(NativeMethodAccessorImpl.java:62)
	at java.base/jdk.internal.reflect.DelegatingMethodAccessorImpl.invoke(DelegatingMethodAccessorImpl.java:43)
	at java.base/java.lang.reflect.Method.invoke(Method.java:567)
	at org.datanucleus.maven.AbstractDataNucleusMojo.executeInJvm(AbstractDataNucleusMojo.java:345)
	at org.datanucleus.maven.AbstractSchemaToolMojo.executeSchemaTool(AbstractSchemaToolMojo.java:336)
	at org.datanucleus.maven.AbstractSchemaToolMojo.executeDataNucleusTool(AbstractSchemaToolMojo.java:150)
	at org.datanucleus.maven.AbstractDataNucleusMojo.execute(AbstractDataNucleusMojo.java:126)
	at org.apache.maven.plugin.DefaultBuildPluginManager.executeMojo(DefaultBuildPluginManager.java:137)
	at org.apache.maven.lifecycle.internal.MojoExecutor.execute(MojoExecutor.java:210)
	at org.apache.maven.lifecycle.internal.MojoExecutor.execute(MojoExecutor.java:156)
	at org.apache.maven.lifecycle.internal.MojoExecutor.execute(MojoExecutor.java:148)
	at org.apache.maven.lifecycle.internal.LifecycleModuleBuilder.buildProject(LifecycleModuleBuilder.java:117)
	at org.apache.maven.lifecycle.internal.LifecycleModuleBuilder.buildProject(LifecycleModuleBuilder.java:81)
	at org.apache.maven.lifecycle.internal.builder.singlethreaded.SingleThreadedBuilder.build(SingleThreadedBuilder.java:56)
	at org.apache.maven.lifecycle.internal.LifecycleStarter.execute(LifecycleStarter.java:128)
	at org.apache.maven.DefaultMaven.doExecute(DefaultMaven.java:305)
	at org.apache.maven.DefaultMaven.doExecute(DefaultMaven.java:192)
	at org.apache.maven.DefaultMaven.execute(DefaultMaven.java:105)
	at org.apache.maven.cli.MavenCli.execute(MavenCli.java:957)
	at org.apache.maven.cli.MavenCli.doMain(MavenCli.java:289)
	at org.apache.maven.cli.MavenCli.main(MavenCli.java:193)
	at java.base/jdk.internal.reflect.NativeMethodAccessorImpl.invoke0(Native Method)
	at java.base/jdk.internal.reflect.NativeMethodAccessorImpl.invoke(NativeMethodAccessorImpl.java:62)
	at java.base/jdk.internal.reflect.DelegatingMethodAccessorImpl.invoke(DelegatingMethodAccessorImpl.java:43)
	at java.base/java.lang.reflect.Method.invoke(Method.java:567)
	at org.codehaus.plexus.classworlds.launcher.Launcher.launchEnhanced(Launcher.java:282)
	at org.codehaus.plexus.classworlds.launcher.Launcher.launch(Launcher.java:225)
	at org.codehaus.plexus.classworlds.launcher.Launcher.mainWithExitCode(Launcher.java:406)
	at org.codehaus.plexus.classworlds.launcher.Launcher.main(Launcher.java:347)

13:19:04,040 (main) WARN  [DataNucleus.Datastore.Schema] - Retrieved ForeignKey from datastore for table=`FILM` referencing table language but not found internally. Is there some catalog/schema or quoting causing problems?
13:19:04,040 (main) WARN  [DataNucleus.Datastore.Schema] - Retrieved ForeignKey from datastore for table=`FILM` referencing table language but not found internally. Is there some catalog/schema or quoting causing problems?
13:19:04,072 (main) ERROR [DataNucleus.Datastore] - Una excepcion estaba tirada durante la addicion/validacion de algunas class(es) : Table 'netflix.film' doesn't exist
java.sql.SQLSyntaxErrorException: Table 'netflix.film' doesn't exist
	at com.mysql.cj.jdbc.exceptions.SQLError.createSQLException(SQLError.java:120)
	at com.mysql.cj.jdbc.exceptions.SQLError.createSQLException(SQLError.java:97)
	at com.mysql.cj.jdbc.exceptions.SQLExceptionsMapping.translateException(SQLExceptionsMapping.java:122)
	at com.mysql.cj.jdbc.StatementImpl.executeInternal(StatementImpl.java:764)
	at com.mysql.cj.jdbc.StatementImpl.execute(StatementImpl.java:648)
	at org.datanucleus.store.rdbms.datasource.dbcp2.DelegatingStatement.execute(DelegatingStatement.java:291)
	at org.datanucleus.store.rdbms.datasource.dbcp2.DelegatingStatement.execute(DelegatingStatement.java:291)
	at org.datanucleus.store.rdbms.table.AbstractTable.executeDdlStatement(AbstractTable.java:844)
	at org.datanucleus.store.rdbms.table.AbstractTable.executeDdlStatementList(AbstractTable.java:795)
	at org.datanucleus.store.rdbms.table.TableImpl.validateColumns(TableImpl.java:256)
	at org.datanucleus.store.rdbms.RDBMSStoreManager$ClassAdder.performTablesValidation(RDBMSStoreManager.java:3429)
	at org.datanucleus.store.rdbms.RDBMSStoreManager$ClassAdder.run(RDBMSStoreManager.java:2938)
	at org.datanucleus.store.rdbms.AbstractSchemaTransaction.execute(AbstractSchemaTransaction.java:118)
	at org.datanucleus.store.rdbms.RDBMSStoreManager.createSchemaForClasses(RDBMSStoreManager.java:3915)
	at org.datanucleus.store.schema.SchemaTool.createSchemaForClasses(SchemaTool.java:510)
	at org.datanucleus.store.schema.SchemaTool.main(SchemaTool.java:426)
	at java.base/jdk.internal.reflect.NativeMethodAccessorImpl.invoke0(Native Method)
	at java.base/jdk.internal.reflect.NativeMethodAccessorImpl.invoke(NativeMethodAccessorImpl.java:62)
	at java.base/jdk.internal.reflect.DelegatingMethodAccessorImpl.invoke(DelegatingMethodAccessorImpl.java:43)
	at java.base/java.lang.reflect.Method.invoke(Method.java:567)
	at org.datanucleus.maven.AbstractDataNucleusMojo.executeInJvm(AbstractDataNucleusMojo.java:345)
	at org.datanucleus.maven.AbstractSchemaToolMojo.executeSchemaTool(AbstractSchemaToolMojo.java:336)
	at org.datanucleus.maven.AbstractSchemaToolMojo.executeDataNucleusTool(AbstractSchemaToolMojo.java:150)
	at org.datanucleus.maven.AbstractDataNucleusMojo.execute(AbstractDataNucleusMojo.java:126)
	at org.apache.maven.plugin.DefaultBuildPluginManager.executeMojo(DefaultBuildPluginManager.java:137)
	at org.apache.maven.lifecycle.internal.MojoExecutor.execute(MojoExecutor.java:210)
	at org.apache.maven.lifecycle.internal.MojoExecutor.execute(MojoExecutor.java:156)
	at org.apache.maven.lifecycle.internal.MojoExecutor.execute(MojoExecutor.java:148)
	at org.apache.maven.lifecycle.internal.LifecycleModuleBuilder.buildProject(LifecycleModuleBuilder.java:117)
	at org.apache.maven.lifecycle.internal.LifecycleModuleBuilder.buildProject(LifecycleModuleBuilder.java:81)
	at org.apache.maven.lifecycle.internal.builder.singlethreaded.SingleThreadedBuilder.build(SingleThreadedBuilder.java:56)
	at org.apache.maven.lifecycle.internal.LifecycleStarter.execute(LifecycleStarter.java:128)
	at org.apache.maven.DefaultMaven.doExecute(DefaultMaven.java:305)
	at org.apache.maven.DefaultMaven.doExecute(DefaultMaven.java:192)
	at org.apache.maven.DefaultMaven.execute(DefaultMaven.java:105)
	at org.apache.maven.cli.MavenCli.execute(MavenCli.java:957)
	at org.apache.maven.cli.MavenCli.doMain(MavenCli.java:289)
	at org.apache.maven.cli.MavenCli.main(MavenCli.java:193)
	at java.base/jdk.internal.reflect.NativeMethodAccessorImpl.invoke0(Native Method)
	at java.base/jdk.internal.reflect.NativeMethodAccessorImpl.invoke(NativeMethodAccessorImpl.java:62)
	at java.base/jdk.internal.reflect.DelegatingMethodAccessorImpl.invoke(DelegatingMethodAccessorImpl.java:43)
	at java.base/java.lang.reflect.Method.invoke(Method.java:567)
	at org.codehaus.plexus.classworlds.launcher.Launcher.launchEnhanced(Launcher.java:282)
	at org.codehaus.plexus.classworlds.launcher.Launcher.launch(Launcher.java:225)
	at org.codehaus.plexus.classworlds.launcher.Launcher.mainWithExitCode(Launcher.java:406)
	at org.codehaus.plexus.classworlds.launcher.Launcher.main(Launcher.java:347)

13:19:04,073 (main) ERROR [DataNucleus.Datastore] - Una excepcion estaba tirada durante la addicion/validacion de algunas class(es) : Table 'netflix.user' doesn't exist
java.sql.SQLSyntaxErrorException: Table 'netflix.user' doesn't exist
	at com.mysql.cj.jdbc.exceptions.SQLError.createSQLException(SQLError.java:120)
	at com.mysql.cj.jdbc.exceptions.SQLError.createSQLException(SQLError.java:97)
	at com.mysql.cj.jdbc.exceptions.SQLExceptionsMapping.translateException(SQLExceptionsMapping.java:122)
	at com.mysql.cj.jdbc.StatementImpl.executeInternal(StatementImpl.java:764)
	at com.mysql.cj.jdbc.StatementImpl.execute(StatementImpl.java:648)
	at org.datanucleus.store.rdbms.datasource.dbcp2.DelegatingStatement.execute(DelegatingStatement.java:291)
	at org.datanucleus.store.rdbms.datasource.dbcp2.DelegatingStatement.execute(DelegatingStatement.java:291)
	at org.datanucleus.store.rdbms.table.AbstractTable.executeDdlStatement(AbstractTable.java:844)
	at org.datanucleus.store.rdbms.table.AbstractTable.executeDdlStatementList(AbstractTable.java:795)
	at org.datanucleus.store.rdbms.table.TableImpl.validateColumns(TableImpl.java:256)
	at org.datanucleus.store.rdbms.RDBMSStoreManager$ClassAdder.performTablesValidation(RDBMSStoreManager.java:3429)
	at org.datanucleus.store.rdbms.RDBMSStoreManager$ClassAdder.run(RDBMSStoreManager.java:2938)
	at org.datanucleus.store.rdbms.AbstractSchemaTransaction.execute(AbstractSchemaTransaction.java:118)
	at org.datanucleus.store.rdbms.RDBMSStoreManager.createSchemaForClasses(RDBMSStoreManager.java:3915)
	at org.datanucleus.store.schema.SchemaTool.createSchemaForClasses(SchemaTool.java:510)
	at org.datanucleus.store.schema.SchemaTool.main(SchemaTool.java:426)
	at java.base/jdk.internal.reflect.NativeMethodAccessorImpl.invoke0(Native Method)
	at java.base/jdk.internal.reflect.NativeMethodAccessorImpl.invoke(NativeMethodAccessorImpl.java:62)
	at java.base/jdk.internal.reflect.DelegatingMethodAccessorImpl.invoke(DelegatingMethodAccessorImpl.java:43)
	at java.base/java.lang.reflect.Method.invoke(Method.java:567)
	at org.datanucleus.maven.AbstractDataNucleusMojo.executeInJvm(AbstractDataNucleusMojo.java:345)
	at org.datanucleus.maven.AbstractSchemaToolMojo.executeSchemaTool(AbstractSchemaToolMojo.java:336)
	at org.datanucleus.maven.AbstractSchemaToolMojo.executeDataNucleusTool(AbstractSchemaToolMojo.java:150)
	at org.datanucleus.maven.AbstractDataNucleusMojo.execute(AbstractDataNucleusMojo.java:126)
	at org.apache.maven.plugin.DefaultBuildPluginManager.executeMojo(DefaultBuildPluginManager.java:137)
	at org.apache.maven.lifecycle.internal.MojoExecutor.execute(MojoExecutor.java:210)
	at org.apache.maven.lifecycle.internal.MojoExecutor.execute(MojoExecutor.java:156)
	at org.apache.maven.lifecycle.internal.MojoExecutor.execute(MojoExecutor.java:148)
	at org.apache.maven.lifecycle.internal.LifecycleModuleBuilder.buildProject(LifecycleModuleBuilder.java:117)
	at org.apache.maven.lifecycle.internal.LifecycleModuleBuilder.buildProject(LifecycleModuleBuilder.java:81)
	at org.apache.maven.lifecycle.internal.builder.singlethreaded.SingleThreadedBuilder.build(SingleThreadedBuilder.java:56)
	at org.apache.maven.lifecycle.internal.LifecycleStarter.execute(LifecycleStarter.java:128)
	at org.apache.maven.DefaultMaven.doExecute(DefaultMaven.java:305)
	at org.apache.maven.DefaultMaven.doExecute(DefaultMaven.java:192)
	at org.apache.maven.DefaultMaven.execute(DefaultMaven.java:105)
	at org.apache.maven.cli.MavenCli.execute(MavenCli.java:957)
	at org.apache.maven.cli.MavenCli.doMain(MavenCli.java:289)
	at org.apache.maven.cli.MavenCli.main(MavenCli.java:193)
	at java.base/jdk.internal.reflect.NativeMethodAccessorImpl.invoke0(Native Method)
	at java.base/jdk.internal.reflect.NativeMethodAccessorImpl.invoke(NativeMethodAccessorImpl.java:62)
	at java.base/jdk.internal.reflect.DelegatingMethodAccessorImpl.invoke(DelegatingMethodAccessorImpl.java:43)
	at java.base/java.lang.reflect.Method.invoke(Method.java:567)
	at org.codehaus.plexus.classworlds.launcher.Launcher.launchEnhanced(Launcher.java:282)
	at org.codehaus.plexus.classworlds.launcher.Launcher.launch(Launcher.java:225)
	at org.codehaus.plexus.classworlds.launcher.Launcher.mainWithExitCode(Launcher.java:406)
	at org.codehaus.plexus.classworlds.launcher.Launcher.main(Launcher.java:347)

13:19:04,087 (main) ERROR [DataNucleus.SchemaTool] - DataNucleus SchemaTool ha lanzado una excepción. Por favor consulte el Log para ver más detalles: Hemos encontrado unos errores durante la validación o creación de las tablas. Los errores estan en el log, y estan adjuntados a esta excepción.
Hemos encontrado unos errores durante la validación o creación de las tablas. Los errores estan en el log, y estan adjuntados a esta excepción.
org.datanucleus.exceptions.NucleusDataStoreException: Hemos encontrado unos errores durante la validación o creación de las tablas. Los errores estan en el log, y estan adjuntados a esta excepción.
	at org.datanucleus.store.rdbms.RDBMSStoreManager$ClassAdder.run(RDBMSStoreManager.java:2971)
	at org.datanucleus.store.rdbms.AbstractSchemaTransaction.execute(AbstractSchemaTransaction.java:118)
	at org.datanucleus.store.rdbms.RDBMSStoreManager.createSchemaForClasses(RDBMSStoreManager.java:3915)
	at org.datanucleus.store.schema.SchemaTool.createSchemaForClasses(SchemaTool.java:510)
	at org.datanucleus.store.schema.SchemaTool.main(SchemaTool.java:426)
	at java.base/jdk.internal.reflect.NativeMethodAccessorImpl.invoke0(Native Method)
	at java.base/jdk.internal.reflect.NativeMethodAccessorImpl.invoke(NativeMethodAccessorImpl.java:62)
	at java.base/jdk.internal.reflect.DelegatingMethodAccessorImpl.invoke(DelegatingMethodAccessorImpl.java:43)
	at java.base/java.lang.reflect.Method.invoke(Method.java:567)
	at org.datanucleus.maven.AbstractDataNucleusMojo.executeInJvm(AbstractDataNucleusMojo.java:345)
	at org.datanucleus.maven.AbstractSchemaToolMojo.executeSchemaTool(AbstractSchemaToolMojo.java:336)
	at org.datanucleus.maven.AbstractSchemaToolMojo.executeDataNucleusTool(AbstractSchemaToolMojo.java:150)
	at org.datanucleus.maven.AbstractDataNucleusMojo.execute(AbstractDataNucleusMojo.java:126)
	at org.apache.maven.plugin.DefaultBuildPluginManager.executeMojo(DefaultBuildPluginManager.java:137)
	at org.apache.maven.lifecycle.internal.MojoExecutor.execute(MojoExecutor.java:210)
	at org.apache.maven.lifecycle.internal.MojoExecutor.execute(MojoExecutor.java:156)
	at org.apache.maven.lifecycle.internal.MojoExecutor.execute(MojoExecutor.java:148)
	at org.apache.maven.lifecycle.internal.LifecycleModuleBuilder.buildProject(LifecycleModuleBuilder.java:117)
	at org.apache.maven.lifecycle.internal.LifecycleModuleBuilder.buildProject(LifecycleModuleBuilder.java:81)
	at org.apache.maven.lifecycle.internal.builder.singlethreaded.SingleThreadedBuilder.build(SingleThreadedBuilder.java:56)
	at org.apache.maven.lifecycle.internal.LifecycleStarter.execute(LifecycleStarter.java:128)
	at org.apache.maven.DefaultMaven.doExecute(DefaultMaven.java:305)
	at org.apache.maven.DefaultMaven.doExecute(DefaultMaven.java:192)
	at org.apache.maven.DefaultMaven.execute(DefaultMaven.java:105)
	at org.apache.maven.cli.MavenCli.execute(MavenCli.java:957)
	at org.apache.maven.cli.MavenCli.doMain(MavenCli.java:289)
	at org.apache.maven.cli.MavenCli.main(MavenCli.java:193)
	at java.base/jdk.internal.reflect.NativeMethodAccessorImpl.invoke0(Native Method)
	at java.base/jdk.internal.reflect.NativeMethodAccessorImpl.invoke(NativeMethodAccessorImpl.java:62)
	at java.base/jdk.internal.reflect.DelegatingMethodAccessorImpl.invoke(DelegatingMethodAccessorImpl.java:43)
	at java.base/java.lang.reflect.Method.invoke(Method.java:567)
	at org.codehaus.plexus.classworlds.launcher.Launcher.launchEnhanced(Launcher.java:282)
	at org.codehaus.plexus.classworlds.launcher.Launcher.launch(Launcher.java:225)
	at org.codehaus.plexus.classworlds.launcher.Launcher.mainWithExitCode(Launcher.java:406)
	at org.codehaus.plexus.classworlds.launcher.Launcher.main(Launcher.java:347)
Caused by: java.sql.SQLSyntaxErrorException: Table 'netflix.film' doesn't exist
	at com.mysql.cj.jdbc.exceptions.SQLError.createSQLException(SQLError.java:120)
	at com.mysql.cj.jdbc.exceptions.SQLError.createSQLException(SQLError.java:97)
	at com.mysql.cj.jdbc.exceptions.SQLExceptionsMapping.translateException(SQLExceptionsMapping.java:122)
	at com.mysql.cj.jdbc.StatementImpl.executeInternal(StatementImpl.java:764)
	at com.mysql.cj.jdbc.StatementImpl.execute(StatementImpl.java:648)
	at org.datanucleus.store.rdbms.datasource.dbcp2.DelegatingStatement.execute(DelegatingStatement.java:291)
	at org.datanucleus.store.rdbms.datasource.dbcp2.DelegatingStatement.execute(DelegatingStatement.java:291)
	at org.datanucleus.store.rdbms.table.AbstractTable.executeDdlStatement(AbstractTable.java:844)
	at org.datanucleus.store.rdbms.table.AbstractTable.executeDdlStatementList(AbstractTable.java:795)
	at org.datanucleus.store.rdbms.table.TableImpl.validateColumns(TableImpl.java:256)
	at org.datanucleus.store.rdbms.RDBMSStoreManager$ClassAdder.performTablesValidation(RDBMSStoreManager.java:3429)
	at org.datanucleus.store.rdbms.RDBMSStoreManager$ClassAdder.run(RDBMSStoreManager.java:2938)
	... 34 more
Nested Throwables StackTrace:
java.sql.SQLSyntaxErrorException: Table 'netflix.film' doesn't exist
	at com.mysql.cj.jdbc.exceptions.SQLError.createSQLException(SQLError.java:120)
	at com.mysql.cj.jdbc.exceptions.SQLError.createSQLException(SQLError.java:97)
	at com.mysql.cj.jdbc.exceptions.SQLExceptionsMapping.translateException(SQLExceptionsMapping.java:122)
	at com.mysql.cj.jdbc.StatementImpl.executeInternal(StatementImpl.java:764)
	at com.mysql.cj.jdbc.StatementImpl.execute(StatementImpl.java:648)
	at org.datanucleus.store.rdbms.datasource.dbcp2.DelegatingStatement.execute(DelegatingStatement.java:291)
	at org.datanucleus.store.rdbms.datasource.dbcp2.DelegatingStatement.execute(DelegatingStatement.java:291)
	at org.datanucleus.store.rdbms.table.AbstractTable.executeDdlStatement(AbstractTable.java:844)
	at org.datanucleus.store.rdbms.table.AbstractTable.executeDdlStatementList(AbstractTable.java:795)
	at org.datanucleus.store.rdbms.table.TableImpl.validateColumns(TableImpl.java:256)
	at org.datanucleus.store.rdbms.RDBMSStoreManager$ClassAdder.performTablesValidation(RDBMSStoreManager.java:3429)
	at org.datanucleus.store.rdbms.RDBMSStoreManager$ClassAdder.run(RDBMSStoreManager.java:2938)
	at org.datanucleus.store.rdbms.AbstractSchemaTransaction.execute(AbstractSchemaTransaction.java:118)
	at org.datanucleus.store.rdbms.RDBMSStoreManager.createSchemaForClasses(RDBMSStoreManager.java:3915)
	at org.datanucleus.store.schema.SchemaTool.createSchemaForClasses(SchemaTool.java:510)
	at org.datanucleus.store.schema.SchemaTool.main(SchemaTool.java:426)
	at java.base/jdk.internal.reflect.NativeMethodAccessorImpl.invoke0(Native Method)
	at java.base/jdk.internal.reflect.NativeMethodAccessorImpl.invoke(NativeMethodAccessorImpl.java:62)
	at java.base/jdk.internal.reflect.DelegatingMethodAccessorImpl.invoke(DelegatingMethodAccessorImpl.java:43)
	at java.base/java.lang.reflect.Method.invoke(Method.java:567)
	at org.datanucleus.maven.AbstractDataNucleusMojo.executeInJvm(AbstractDataNucleusMojo.java:345)
	at org.datanucleus.maven.AbstractSchemaToolMojo.executeSchemaTool(AbstractSchemaToolMojo.java:336)
	at org.datanucleus.maven.AbstractSchemaToolMojo.executeDataNucleusTool(AbstractSchemaToolMojo.java:150)
	at org.datanucleus.maven.AbstractDataNucleusMojo.execute(AbstractDataNucleusMojo.java:126)
	at org.apache.maven.plugin.DefaultBuildPluginManager.executeMojo(DefaultBuildPluginManager.java:137)
	at org.apache.maven.lifecycle.internal.MojoExecutor.execute(MojoExecutor.java:210)
	at org.apache.maven.lifecycle.internal.MojoExecutor.execute(MojoExecutor.java:156)
	at org.apache.maven.lifecycle.internal.MojoExecutor.execute(MojoExecutor.java:148)
	at org.apache.maven.lifecycle.internal.LifecycleModuleBuilder.buildProject(LifecycleModuleBuilder.java:117)
	at org.apache.maven.lifecycle.internal.LifecycleModuleBuilder.buildProject(LifecycleModuleBuilder.java:81)
	at org.apache.maven.lifecycle.internal.builder.singlethreaded.SingleThreadedBuilder.build(SingleThreadedBuilder.java:56)
	at org.apache.maven.lifecycle.internal.LifecycleStarter.execute(LifecycleStarter.java:128)
	at org.apache.maven.DefaultMaven.doExecute(DefaultMaven.java:305)
	at org.apache.maven.DefaultMaven.doExecute(DefaultMaven.java:192)
	at org.apache.maven.DefaultMaven.execute(DefaultMaven.java:105)
	at org.apache.maven.cli.MavenCli.execute(MavenCli.java:957)
	at org.apache.maven.cli.MavenCli.doMain(MavenCli.java:289)
	at org.apache.maven.cli.MavenCli.main(MavenCli.java:193)
	at java.base/jdk.internal.reflect.NativeMethodAccessorImpl.invoke0(Native Method)
	at java.base/jdk.internal.reflect.NativeMethodAccessorImpl.invoke(NativeMethodAccessorImpl.java:62)
	at java.base/jdk.internal.reflect.DelegatingMethodAccessorImpl.invoke(DelegatingMethodAccessorImpl.java:43)
	at java.base/java.lang.reflect.Method.invoke(Method.java:567)
	at org.codehaus.plexus.classworlds.launcher.Launcher.launchEnhanced(Launcher.java:282)
	at org.codehaus.plexus.classworlds.launcher.Launcher.launch(Launcher.java:225)
	at org.codehaus.plexus.classworlds.launcher.Launcher.mainWithExitCode(Launcher.java:406)
	at org.codehaus.plexus.classworlds.launcher.Launcher.main(Launcher.java:347)
java.sql.SQLSyntaxErrorException: Table 'netflix.user' doesn't exist
	at com.mysql.cj.jdbc.exceptions.SQLError.createSQLException(SQLError.java:120)
	at com.mysql.cj.jdbc.exceptions.SQLError.createSQLException(SQLError.java:97)
	at com.mysql.cj.jdbc.exceptions.SQLExceptionsMapping.translateException(SQLExceptionsMapping.java:122)
	at com.mysql.cj.jdbc.StatementImpl.executeInternal(StatementImpl.java:764)
	at com.mysql.cj.jdbc.StatementImpl.execute(StatementImpl.java:648)
	at org.datanucleus.store.rdbms.datasource.dbcp2.DelegatingStatement.execute(DelegatingStatement.java:291)
	at org.datanucleus.store.rdbms.datasource.dbcp2.DelegatingStatement.execute(DelegatingStatement.java:291)
	at org.datanucleus.store.rdbms.table.AbstractTable.executeDdlStatement(AbstractTable.java:844)
	at org.datanucleus.store.rdbms.table.AbstractTable.executeDdlStatementList(AbstractTable.java:795)
	at org.datanucleus.store.rdbms.table.TableImpl.validateColumns(TableImpl.java:256)
	at org.datanucleus.store.rdbms.RDBMSStoreManager$ClassAdder.performTablesValidation(RDBMSStoreManager.java:3429)
	at org.datanucleus.store.rdbms.RDBMSStoreManager$ClassAdder.run(RDBMSStoreManager.java:2938)
	at org.datanucleus.store.rdbms.AbstractSchemaTransaction.execute(AbstractSchemaTransaction.java:118)
	at org.datanucleus.store.rdbms.RDBMSStoreManager.createSchemaForClasses(RDBMSStoreManager.java:3915)
	at org.datanucleus.store.schema.SchemaTool.createSchemaForClasses(SchemaTool.java:510)
	at org.datanucleus.store.schema.SchemaTool.main(SchemaTool.java:426)
	at java.base/jdk.internal.reflect.NativeMethodAccessorImpl.invoke0(Native Method)
	at java.base/jdk.internal.reflect.NativeMethodAccessorImpl.invoke(NativeMethodAccessorImpl.java:62)
	at java.base/jdk.internal.reflect.DelegatingMethodAccessorImpl.invoke(DelegatingMethodAccessorImpl.java:43)
	at java.base/java.lang.reflect.Method.invoke(Method.java:567)
	at org.datanucleus.maven.AbstractDataNucleusMojo.executeInJvm(AbstractDataNucleusMojo.java:345)
	at org.datanucleus.maven.AbstractSchemaToolMojo.executeSchemaTool(AbstractSchemaToolMojo.java:336)
	at org.datanucleus.maven.AbstractSchemaToolMojo.executeDataNucleusTool(AbstractSchemaToolMojo.java:150)
	at org.datanucleus.maven.AbstractDataNucleusMojo.execute(AbstractDataNucleusMojo.java:126)
	at org.apache.maven.plugin.DefaultBuildPluginManager.executeMojo(DefaultBuildPluginManager.java:137)
	at org.apache.maven.lifecycle.internal.MojoExecutor.execute(MojoExecutor.java:210)
	at org.apache.maven.lifecycle.internal.MojoExecutor.execute(MojoExecutor.java:156)
	at org.apache.maven.lifecycle.internal.MojoExecutor.execute(MojoExecutor.java:148)
	at org.apache.maven.lifecycle.internal.LifecycleModuleBuilder.buildProject(LifecycleModuleBuilder.java:117)
	at org.apache.maven.lifecycle.internal.LifecycleModuleBuilder.buildProject(LifecycleModuleBuilder.java:81)
	at org.apache.maven.lifecycle.internal.builder.singlethreaded.SingleThreadedBuilder.build(SingleThreadedBuilder.java:56)
	at org.apache.maven.lifecycle.internal.LifecycleStarter.execute(LifecycleStarter.java:128)
	at org.apache.maven.DefaultMaven.doExecute(DefaultMaven.java:305)
	at org.apache.maven.DefaultMaven.doExecute(DefaultMaven.java:192)
	at org.apache.maven.DefaultMaven.execute(DefaultMaven.java:105)
	at org.apache.maven.cli.MavenCli.execute(MavenCli.java:957)
	at org.apache.maven.cli.MavenCli.doMain(MavenCli.java:289)
	at org.apache.maven.cli.MavenCli.main(MavenCli.java:193)
	at java.base/jdk.internal.reflect.NativeMethodAccessorImpl.invoke0(Native Method)
	at java.base/jdk.internal.reflect.NativeMethodAccessorImpl.invoke(NativeMethodAccessorImpl.java:62)
	at java.base/jdk.internal.reflect.DelegatingMethodAccessorImpl.invoke(DelegatingMethodAccessorImpl.java:43)
	at java.base/java.lang.reflect.Method.invoke(Method.java:567)
	at org.codehaus.plexus.classworlds.launcher.Launcher.launchEnhanced(Launcher.java:282)
	at org.codehaus.plexus.classworlds.launcher.Launcher.launch(Launcher.java:225)
	at org.codehaus.plexus.classworlds.launcher.Launcher.mainWithExitCode(Launcher.java:406)
	at org.codehaus.plexus.classworlds.launcher.Launcher.main(Launcher.java:347)
13:21:24,259 (main) INFO  [DataNucleus.SchemaTool] - DataNucleus SchemaTool : Creación del esquema para clases
13:21:24,262 (main) INFO  [DataNucleus.SchemaTool] - DataNucleus SchemaTool : Classpath
13:21:24,264 (main) INFO  [DataNucleus.SchemaTool] - >>  C:\Users\Jorge\Documents\apache-maven-3.6.3-bin\apache-maven-3.6.3\bin\..\boot\plexus-classworlds-2.6.0.jar
13:21:25,636 (main) WARN  [DataNucleus.Datastore] - Default type for java type of java.math.BigInteger was previously jdbc-type=NUMERIC but this is not provided by the JDBC driver! Please report this to the DataNucleus developers
13:21:25,851 (main) INFO  [DataNucleus.SchemaTool] - DataNucleus SchemaTool : Propiedades para persistencia
13:21:25,855 (main) INFO  [DataNucleus.SchemaTool] - >>  datanucleus.autostartmechanism=None
13:21:25,857 (main) INFO  [DataNucleus.SchemaTool] - >>  datanucleus.connectiondrivername=com.mysql.cj.jdbc.Driver
13:21:25,862 (main) INFO  [DataNucleus.SchemaTool] - >>  datanucleus.connectionurl=jdbc:mysql://localhost/netflix?verifyServerCertificate=false&useSSL=true&useLegacyDatetimeCode=false&serverTimezone=UTC
13:21:25,869 (main) INFO  [DataNucleus.SchemaTool] - >>  datanucleus.connectionusername=spq
13:21:25,872 (main) INFO  [DataNucleus.SchemaTool] - >>  datanucleus.detachalloncommit=true
13:21:25,875 (main) INFO  [DataNucleus.SchemaTool] - >>  datanucleus.mapping=mysql
13:21:25,876 (main) INFO  [DataNucleus.SchemaTool] - >>  datanucleus.rdbms.checkexisttablesorviews=true
13:21:25,879 (main) INFO  [DataNucleus.SchemaTool] - >>  datanucleus.readonlydatastore=false
13:21:25,882 (main) INFO  [DataNucleus.SchemaTool] - >>  datanucleus.schema.autocreatecolumns=true
13:21:25,885 (main) INFO  [DataNucleus.SchemaTool] - >>  datanucleus.schema.autocreateconstraints=true
13:21:25,888 (main) INFO  [DataNucleus.SchemaTool] - >>  datanucleus.schema.autocreatetables=true
13:21:25,893 (main) INFO  [DataNucleus.SchemaTool] - DataNucleus SchemaTool : Ficheros
13:21:25,895 (main) INFO  [DataNucleus.SchemaTool] - >>  C:\Users\Jorge\Documents\GitHub\BSPQ20-E2\Netflix\target\classes\es\deusto\BSPQ20_E2\Netflix\client\Client.class
13:21:25,902 (main) INFO  [DataNucleus.SchemaTool] - >>  C:\Users\Jorge\Documents\GitHub\BSPQ20-E2\Netflix\target\classes\es\deusto\BSPQ20_E2\Netflix\client\gui\Login$1.class
13:21:25,910 (main) INFO  [DataNucleus.SchemaTool] - >>  C:\Users\Jorge\Documents\GitHub\BSPQ20-E2\Netflix\target\classes\es\deusto\BSPQ20_E2\Netflix\client\gui\Login$2.class
13:21:25,918 (main) INFO  [DataNucleus.SchemaTool] - >>  C:\Users\Jorge\Documents\GitHub\BSPQ20-E2\Netflix\target\classes\es\deusto\BSPQ20_E2\Netflix\client\gui\Login.class
13:21:25,925 (main) INFO  [DataNucleus.SchemaTool] - >>  C:\Users\Jorge\Documents\GitHub\BSPQ20-E2\Netflix\target\classes\es\deusto\BSPQ20_E2\Netflix\client\gui\PaymentWindow.class
13:21:25,932 (main) INFO  [DataNucleus.SchemaTool] - >>  C:\Users\Jorge\Documents\GitHub\BSPQ20-E2\Netflix\target\classes\es\deusto\BSPQ20_E2\Netflix\client\gui\RegWindow$1$1.class
13:21:25,940 (main) INFO  [DataNucleus.SchemaTool] - >>  C:\Users\Jorge\Documents\GitHub\BSPQ20-E2\Netflix\target\classes\es\deusto\BSPQ20_E2\Netflix\client\gui\RegWindow$1.class
13:21:25,947 (main) INFO  [DataNucleus.SchemaTool] - >>  C:\Users\Jorge\Documents\GitHub\BSPQ20-E2\Netflix\target\classes\es\deusto\BSPQ20_E2\Netflix\client\gui\RegWindow$2.class
13:21:25,953 (main) INFO  [DataNucleus.SchemaTool] - >>  C:\Users\Jorge\Documents\GitHub\BSPQ20-E2\Netflix\target\classes\es\deusto\BSPQ20_E2\Netflix\client\gui\RegWindow$3.class
13:21:25,961 (main) INFO  [DataNucleus.SchemaTool] - >>  C:\Users\Jorge\Documents\GitHub\BSPQ20-E2\Netflix\target\classes\es\deusto\BSPQ20_E2\Netflix\client\gui\RegWindow$4.class
13:21:25,978 (main) INFO  [DataNucleus.SchemaTool] - >>  C:\Users\Jorge\Documents\GitHub\BSPQ20-E2\Netflix\target\classes\es\deusto\BSPQ20_E2\Netflix\client\gui\RegWindow.class
13:21:25,983 (main) INFO  [DataNucleus.SchemaTool] - >>  C:\Users\Jorge\Documents\GitHub\BSPQ20-E2\Netflix\target\classes\es\deusto\BSPQ20_E2\Netflix\demo\Demo.class
13:21:25,989 (main) INFO  [DataNucleus.SchemaTool] - >>  C:\Users\Jorge\Documents\GitHub\BSPQ20-E2\Netflix\target\classes\es\deusto\BSPQ20_E2\Netflix\demo\DemoDB.class
13:21:25,996 (main) INFO  [DataNucleus.SchemaTool] - >>  C:\Users\Jorge\Documents\GitHub\BSPQ20-E2\Netflix\target\classes\es\deusto\BSPQ20_E2\Netflix\demo\dLogin$1.class
13:21:26,002 (main) INFO  [DataNucleus.SchemaTool] - >>  C:\Users\Jorge\Documents\GitHub\BSPQ20-E2\Netflix\target\classes\es\deusto\BSPQ20_E2\Netflix\demo\dLogin$2.class
13:21:26,008 (main) INFO  [DataNucleus.SchemaTool] - >>  C:\Users\Jorge\Documents\GitHub\BSPQ20-E2\Netflix\target\classes\es\deusto\BSPQ20_E2\Netflix\demo\dLogin.class
13:21:26,014 (main) INFO  [DataNucleus.SchemaTool] - >>  C:\Users\Jorge\Documents\GitHub\BSPQ20-E2\Netflix\target\classes\es\deusto\BSPQ20_E2\Netflix\demo\dPaymentWindow$1.class
13:21:26,023 (main) INFO  [DataNucleus.SchemaTool] - >>  C:\Users\Jorge\Documents\GitHub\BSPQ20-E2\Netflix\target\classes\es\deusto\BSPQ20_E2\Netflix\demo\dPaymentWindow.class
13:21:26,034 (main) INFO  [DataNucleus.SchemaTool] - >>  C:\Users\Jorge\Documents\GitHub\BSPQ20-E2\Netflix\target\classes\es\deusto\BSPQ20_E2\Netflix\demo\MainWindow$1.class
13:21:26,042 (main) INFO  [DataNucleus.SchemaTool] - >>  C:\Users\Jorge\Documents\GitHub\BSPQ20-E2\Netflix\target\classes\es\deusto\BSPQ20_E2\Netflix\demo\MainWindow$2.class
13:21:26,048 (main) INFO  [DataNucleus.SchemaTool] - >>  C:\Users\Jorge\Documents\GitHub\BSPQ20-E2\Netflix\target\classes\es\deusto\BSPQ20_E2\Netflix\demo\MainWindow$3.class
13:21:26,054 (main) INFO  [DataNucleus.SchemaTool] - >>  C:\Users\Jorge\Documents\GitHub\BSPQ20-E2\Netflix\target\classes\es\deusto\BSPQ20_E2\Netflix\demo\MainWindow$4.class
13:21:26,061 (main) INFO  [DataNucleus.SchemaTool] - >>  C:\Users\Jorge\Documents\GitHub\BSPQ20-E2\Netflix\target\classes\es\deusto\BSPQ20_E2\Netflix\demo\MainWindow.class
13:21:26,065 (main) INFO  [DataNucleus.SchemaTool] - >>  C:\Users\Jorge\Documents\GitHub\BSPQ20-E2\Netflix\target\classes\es\deusto\BSPQ20_E2\Netflix\demo\RegWindow$1$1.class
13:21:26,071 (main) INFO  [DataNucleus.SchemaTool] - >>  C:\Users\Jorge\Documents\GitHub\BSPQ20-E2\Netflix\target\classes\es\deusto\BSPQ20_E2\Netflix\demo\RegWindow$1.class
13:21:26,077 (main) INFO  [DataNucleus.SchemaTool] - >>  C:\Users\Jorge\Documents\GitHub\BSPQ20-E2\Netflix\target\classes\es\deusto\BSPQ20_E2\Netflix\demo\RegWindow$2.class
13:21:26,082 (main) INFO  [DataNucleus.SchemaTool] - >>  C:\Users\Jorge\Documents\GitHub\BSPQ20-E2\Netflix\target\classes\es\deusto\BSPQ20_E2\Netflix\demo\RegWindow$3.class
13:21:26,088 (main) INFO  [DataNucleus.SchemaTool] - >>  C:\Users\Jorge\Documents\GitHub\BSPQ20-E2\Netflix\target\classes\es\deusto\BSPQ20_E2\Netflix\demo\RegWindow$4.class
13:21:26,094 (main) INFO  [DataNucleus.SchemaTool] - >>  C:\Users\Jorge\Documents\GitHub\BSPQ20-E2\Netflix\target\classes\es\deusto\BSPQ20_E2\Netflix\demo\RegWindow.class
13:21:26,100 (main) INFO  [DataNucleus.SchemaTool] - >>  C:\Users\Jorge\Documents\GitHub\BSPQ20-E2\Netflix\target\classes\es\deusto\BSPQ20_E2\Netflix\pojo\Film.class
13:21:26,105 (main) INFO  [DataNucleus.SchemaTool] - >>  C:\Users\Jorge\Documents\GitHub\BSPQ20-E2\Netflix\target\classes\es\deusto\BSPQ20_E2\Netflix\pojo\User.class
13:21:26,112 (main) INFO  [DataNucleus.SchemaTool] - >>  C:\Users\Jorge\Documents\GitHub\BSPQ20-E2\Netflix\target\classes\es\deusto\BSPQ20_E2\Netflix\server\db\SqlDB.class
13:21:26,118 (main) INFO  [DataNucleus.SchemaTool] - >>  C:\Users\Jorge\Documents\GitHub\BSPQ20-E2\Netflix\target\classes\es\deusto\BSPQ20_E2\Netflix\server\Main.class
13:21:26,123 (main) INFO  [DataNucleus.SchemaTool] - >>  C:\Users\Jorge\Documents\GitHub\BSPQ20-E2\Netflix\target\classes\es\deusto\BSPQ20_E2\Netflix\server\MyResource.class
13:21:26,129 (main) INFO  [DataNucleus.SchemaTool] - >>  C:\Users\Jorge\Documents\GitHub\BSPQ20-E2\Netflix\target\classes\es\deusto\BSPQ20_E2\Netflix\server\Psystem.class
13:21:26,135 (main) INFO  [DataNucleus.SchemaTool] - >>  C:\Users\Jorge\Documents\GitHub\BSPQ20-E2\Netflix\target\classes\es\deusto\BSPQ20_E2\Netflix\server\Test$1.class
13:21:26,140 (main) INFO  [DataNucleus.SchemaTool] - >>  C:\Users\Jorge\Documents\GitHub\BSPQ20-E2\Netflix\target\classes\es\deusto\BSPQ20_E2\Netflix\server\Test$2.class
13:21:26,146 (main) INFO  [DataNucleus.SchemaTool] - >>  C:\Users\Jorge\Documents\GitHub\BSPQ20-E2\Netflix\target\classes\es\deusto\BSPQ20_E2\Netflix\server\Test.class
13:21:26,151 (main) INFO  [DataNucleus.SchemaTool] - >>  C:\Users\Jorge\Documents\GitHub\BSPQ20-E2\Netflix\target\classes\es\deusto\BSPQ20_E2\Netflix\server\Users.class
13:21:26,484 (main) WARN  [DataNucleus.Datastore] - SQL Warning : 'BINARY as attribute of a type' is deprecated and will be removed in a future release. Please use a CHARACTER SET clause with _bin collation instead
13:21:26,484 (main) WARN  [DataNucleus.Datastore] - SQL Warning : 'BINARY as attribute of a type' is deprecated and will be removed in a future release. Please use a CHARACTER SET clause with _bin collation instead
13:21:26,484 (main) WARN  [DataNucleus.Datastore] - SQL Warning : 'BINARY as attribute of a type' is deprecated and will be removed in a future release. Please use a CHARACTER SET clause with _bin collation instead
13:21:26,484 (main) WARN  [DataNucleus.Datastore] - SQL Warning : 'BINARY as attribute of a type' is deprecated and will be removed in a future release. Please use a CHARACTER SET clause with _bin collation instead
13:21:26,531 (main) WARN  [DataNucleus.Datastore] - SQL Warning : 'BINARY as attribute of a type' is deprecated and will be removed in a future release. Please use a CHARACTER SET clause with _bin collation instead
13:21:26,531 (main) WARN  [DataNucleus.Datastore] - SQL Warning : 'BINARY as attribute of a type' is deprecated and will be removed in a future release. Please use a CHARACTER SET clause with _bin collation instead
13:21:26,532 (main) WARN  [DataNucleus.Datastore] - SQL Warning : 'BINARY as attribute of a type' is deprecated and will be removed in a future release. Please use a CHARACTER SET clause with _bin collation instead
13:21:26,532 (main) WARN  [DataNucleus.Datastore] - SQL Warning : 'BINARY as attribute of a type' is deprecated and will be removed in a future release. Please use a CHARACTER SET clause with _bin collation instead
13:21:26,546 (main) INFO  [DataNucleus.SchemaTool] - DataNucleus SchemaTool ha terminado con exito
17:02:27,239 (main) INFO  [DataNucleus.Enhancer] - DataNucleus Enhancer (versión 5.2.2) para el API "JDO" utilisando el JRE "{2}"
17:02:27,565 (main) INFO  [DataNucleus.Enhancer] - Escribiendo el archivo de clase "C:\Users\Jorge\Documents\GitHub\BSPQ20-E2\Netflix\target\classes\es\deusto\BSPQ20_E2\Netflix\pojo\Film.class" con definicion enhanced
17:02:27,566 (main) INFO  [DataNucleus.Enhancer] - ENHANCED (Persistable) : es.deusto.BSPQ20_E2.Netflix.pojo.Film
17:02:27,575 (main) INFO  [DataNucleus.Enhancer] - Escribiendo el archivo de clase "C:\Users\Jorge\Documents\GitHub\BSPQ20-E2\Netflix\target\classes\es\deusto\BSPQ20_E2\Netflix\pojo\User.class" con definicion enhanced
17:02:27,575 (main) INFO  [DataNucleus.Enhancer] - ENHANCED (Persistable) : es.deusto.BSPQ20_E2.Netflix.pojo.User
17:02:27,578 (main) INFO  [DataNucleus.Enhancer] - DataNucleus Enhancer ha terminado con exito para 2 clases. Tiempos : input=265 ms, enhance=61 ms, total=326 ms. Compruebe el LOG para los detalles
17:03:26,362 (main) INFO  [DataNucleus.Enhancer] - DataNucleus Enhancer (versión 5.2.2) para el API "JDO" utilisando el JRE "{2}"
17:03:26,707 (main) INFO  [DataNucleus.Enhancer] - Escribiendo el archivo de clase "C:\Users\Jorge\Documents\GitHub\BSPQ20-E2\Netflix\target\classes\es\deusto\BSPQ20_E2\Netflix\pojo\Film.class" con definicion enhanced
17:03:26,707 (main) INFO  [DataNucleus.Enhancer] - ENHANCED (Persistable) : es.deusto.BSPQ20_E2.Netflix.pojo.Film
17:03:26,715 (main) INFO  [DataNucleus.Enhancer] - Escribiendo el archivo de clase "C:\Users\Jorge\Documents\GitHub\BSPQ20-E2\Netflix\target\classes\es\deusto\BSPQ20_E2\Netflix\pojo\User.class" con definicion enhanced
17:03:26,716 (main) INFO  [DataNucleus.Enhancer] - ENHANCED (Persistable) : es.deusto.BSPQ20_E2.Netflix.pojo.User
17:03:26,719 (main) INFO  [DataNucleus.Enhancer] - DataNucleus Enhancer ha terminado con exito para 2 clases. Tiempos : input=280 ms, enhance=61 ms, total=341 ms. Compruebe el LOG para los detalles
